#
# A fatal error has been detected by the Java Runtime Environment:
#
#  EXCEPTION_ACCESS_VIOLATION (0xc0000005) at pc=0x000000007110b5db, pid=19828, tid=19344
#
# JRE version: OpenJDK Runtime Environment Temurin-17.0.7+7 (17.0.7+7) (build 17.0.7+7)
# Java VM: OpenJDK 64-Bit Server VM Temurin-17.0.7+7 (17.0.7+7, mixed mode, tiered, compressed oops, compressed class ptrs, g1 gc, windows-amd64)
# Problematic frame:
# C  [jSSC-2.8_x86_64.dll+0xb5db]
#
# No core dump will be written. Minidumps are not enabled by default on client versions of Windows
#
# If you would like to submit a bug report, please visit:
#   https://github.com/adoptium/adoptium-support/issues
# The crash happened outside the Java Virtual Machine in native code.
# See problematic frame for where to report the bug.
#

---------------  S U M M A R Y ------------

Command Line: -Dfile.encoding=UTF-8 -XX:+ShowCodeDetailsInExceptionMessages com.example.demo.controller.SPArduino

Host: Intel(R) Core(TM) i5-1035G1 CPU @ 1.00GHz, 8 cores, 7G,  Windows 11 , 64 bit Build 22621 (10.0.22621.2428)
Time: Thu Nov  2 00:54:50 2023 India Standard Time elapsed time: 0.359426 seconds (0d 0h 0m 0s)

---------------  T H R E A D  ---------------

Current thread (0x000001a4dd18e0d0):  JavaThread "main" [_thread_in_native, id=19344, stack(0x0000003a96400000,0x0000003a96500000)]

Stack: [0x0000003a96400000,0x0000003a96500000],  sp=0x0000003a964ff010,  free space=1020k
Native frames: (J=compiled Java code, j=interpreted, Vv=VM code, C=native code)
C  [jSSC-2.8_x86_64.dll+0xb5db]

Java frames: (J=compiled Java code, j=interpreted, Vv=VM code)
j  jssc.SerialNativeInterface.openPort(Ljava/lang/String;Z)J+0
j  jssc.SerialPort.openPort()Z+65
j  com.example.demo.controller.SPArduino.connect(Ljava/lang/String;)V+10
j  com.example.demo.controller.SPArduino.main([Ljava/lang/String;)V+39
v  ~StubRoutines::call_stub

siginfo: EXCEPTION_ACCESS_VIOLATION (0xc0000005), reading address 0xffffffffdd061fb4


Register to memory mapping:

RIP=0x000000007110b5db jSSC-2.8_x86_64.dll
RAX=0xffffffffdd061fb4 is an unknown value
RBX=0x0000003a964ff080 is pointing into the stack for thread: 0x000001a4dd18e0d0
RCX=0x00007fff6ae0f5d4 ntdll.dll
RDX=0x0 is NULL
RSP=0x0000003a964ff010 is pointing into the stack for thread: 0x000001a4dd18e0d0
RBP=0x0000003a964ff190 is pointing into the stack for thread: 0x000001a4dd18e0d0
RSI=0x000001a4dd18e378 points into unknown readable memory: 0x00007ffeb17b17e0 | e0 17 7b b1 fe 7f 00 00
RDI=0x000000000000042c is an unknown value
R8 =0x0000003a964fef08 is pointing into the stack for thread: 0x000001a4dd18e0d0
R9 =0x0000003a964ff000 is pointing into the stack for thread: 0x000001a4dd18e0d0
R10=0x0 is NULL
R11=0x0000000000000246 is an unknown value
R12=0x0000003a964ff250 is pointing into the stack for thread: 0x000001a4dd18e0d0
R13=0x000001a4f929cf10 points into unknown readable memory: 0x6b6f7600354d4f43 | 43 4f 4d 35 00 76 6f 6b
R14=0x0000003a964ff140 is pointing into the stack for thread: 0x000001a4dd18e0d0
R15=0x000001a4dd18e0d0 is a thread


Registers:
RAX=0xffffffffdd061fb4, RBX=0x0000003a964ff080, RCX=0x00007fff6ae0f5d4, RDX=0x0000000000000000
RSP=0x0000003a964ff010, RBP=0x0000003a964ff190, RSI=0x000001a4dd18e378, RDI=0x000000000000042c
R8 =0x0000003a964fef08, R9 =0x0000003a964ff000, R10=0x0000000000000000, R11=0x0000000000000246
R12=0x0000003a964ff250, R13=0x000001a4f929cf10, R14=0x0000003a964ff140, R15=0x000001a4dd18e0d0
RIP=0x000000007110b5db, EFLAGS=0x0000000000010206

Top of Stack: (sp=0x0000003a964ff010)
0x0000003a964ff010:   0000000000000000 0000000000000000
0x0000003a964ff020:   000000007110b230 00007ffeb13218cf
0x0000003a964ff030:   000001a4dd18e0d0 0000000000000004
0x0000003a964ff040:   000001a4dd18e378 000000000000042c
0x0000003a964ff050:   0000003a964ff190 0000000071112590
0x0000003a964ff060:   000001a4f929cf00 000001a4dd090000
0x0000003a964ff070:   0000003a964ff190 0000000000000000
0x0000003a964ff080:   0000000000000000 0000000000000000
0x0000003a964ff090:   000000000000042c 00007fff682637eb
0x0000003a964ff0a0:   000001a4f929cf10 000001a4dd18e378
0x0000003a964ff0b0:   0000000071113500 0000000071113be8
0x0000003a964ff0c0:   0000003a964ff0f0 0000000071112641
0x0000003a964ff0d0:   0000003a964ff060 0000000000000000
0x0000003a964ff0e0:   0000000000000000 0000000000000000
0x0000003a964ff0f0:   0000003a964ff190 0000000071101595
0x0000003a964ff100:   000000000000001c 0000003a964ff150 

Instructions: (pc=0x000000007110b5db)
0x000000007110b4db:   48 85 c0 74 bf 44 8b 03 45 85 c0 0f 84 77 ff ff
0x000000007110b4eb:   ff eb 9f 66 90 e8 8b fe ff ff 48 89 05 0c 34 01
0x000000007110b4fb:   00 eb ad 66 90 e8 7b fe ff ff 48 89 05 fc 33 01
0x000000007110b50b:   00 eb 8b e8 8d fe ff ff c7 03 01 00 00 00 e9 6f
0x000000007110b51b:   ff ff ff 66 90 55 48 89 e5 56 53 48 83 ec 20 48
0x000000007110b52b:   8b 05 d7 33 01 00 48 8b 31 48 89 cb 48 85 c0 74
0x000000007110b53b:   56 44 8b 18 45 85 db 78 42 48 8b 05 bd 33 01 00
0x000000007110b54b:   48 85 c0 74 50 44 8b 10 45 85 d2 74 1d 48 89 f1
0x000000007110b55b:   e8 d0 fd ff ff 48 8b 13 48 8d 42 40 48 8b 48 08
0x000000007110b56b:   48 8b 6a 40 48 8b 60 10 ff e1 48 8b 05 9c 33 01
0x000000007110b57b:   00 48 85 c0 74 2d 48 89 30 eb da e8 b5 fe ff ff
0x000000007110b58b:   0f 1f 44 00 00 eb b2 e8 e9 fd ff ff 48 89 05 6a
0x000000007110b59b:   33 01 00 eb 9c e8 db fd ff ff 48 89 05 5c 33 01
0x000000007110b5ab:   00 eb a2 e8 3d fd ff ff 48 89 05 5e 33 01 00 eb
0x000000007110b5bb:   c5 0f 1f 40 00 55 57 56 53 48 83 ec 28 48 8b 05
0x000000007110b5cb:   39 33 01 00 48 89 cb 48 85 c0 0f 84 c5 00 00 00
0x000000007110b5db:   8b 38 85 ff 0f 88 ab 00 00 00 48 8b 05 1c 33 01
0x000000007110b5eb:   00 48 85 c0 0f 84 bc 00 00 00 8b 30 85 f6 74 57
0x000000007110b5fb:   48 8b 05 0e 33 01 00 48 85 c0 0f 84 e5 00 00 00
0x000000007110b60b:   8b 28 48 8b 35 10 5e 01 00 ff d6 89 c7 89 e9 ff
0x000000007110b61b:   15 f4 5e 01 00 89 f9 48 89 c5 ff 15 b9 5e 01 00
0x000000007110b62b:   48 8b 05 de 32 01 00 48 89 2b 48 85 c0 74 46 48
0x000000007110b63b:   89 da 8b 08 ff 15 d7 5e 01 00 85 c0 74 27 48 83
0x000000007110b64b:   c4 28 5b 5e 5f 5d c3 48 8b 05 bf 32 01 00 48 85
0x000000007110b65b:   c0 74 64 48 8b 10 48 89 13 48 89 18 48 83 c4 28
0x000000007110b66b:   5b 5e 5f 5d c3 48 89 f2 48 83 c4 28 5b 5e 5f 5d
0x000000007110b67b:   48 ff e2 66 90 e8 8b fc ff ff 48 89 05 84 32 01
0x000000007110b68b:   00 eb ac 66 90 e8 ab fd ff ff e9 4b ff ff ff 66
0x000000007110b69b:   0f 1f 44 00 00 e8 db fc ff ff 48 89 05 5c 32 01
0x000000007110b6ab:   00 e9 2a ff ff ff e8 ca fc ff ff 48 89 05 4b 32
0x000000007110b6bb:   01 00 e9 33 ff ff ff e8 29 fc ff ff 48 89 05 4a
0x000000007110b6cb:   32 01 00 48 8b 10 48 85 c0 48 89 13 75 8b e8 12 


Stack slot to memory mapping:
stack at sp + 0 slots: 0x0 is NULL
stack at sp + 1 slots: 0x0 is NULL
stack at sp + 2 slots: 0x000000007110b230 jSSC-2.8_x86_64.dll
stack at sp + 3 slots: 0x00007ffeb13218cf jvm.dll
stack at sp + 4 slots: 0x000001a4dd18e0d0 is a thread
stack at sp + 5 slots: 0x0000000000000004 is an unknown value
stack at sp + 6 slots: 0x000001a4dd18e378 points into unknown readable memory: 0x00007ffeb17b17e0 | e0 17 7b b1 fe 7f 00 00
stack at sp + 7 slots: 0x000000000000042c is an unknown value


---------------  P R O C E S S  ---------------

Threads class SMR info:
_java_thread_list=0x000001a4f92b3200, length=12, elements={
0x000001a4dd18e0d0, 0x000001a4f90e5990, 0x000001a4f910aae0, 0x000001a4f90eb960,
0x000001a4f90ee520, 0x000001a4f91287b0, 0x000001a4f912b820, 0x000001a4f9133ac0,
0x000001a4f9146d40, 0x000001a4f9150340, 0x000001a4f92ad0a0, 0x000001a4f92b33b0
}

Java Threads: ( => current thread )
=>0x000001a4dd18e0d0 JavaThread "main" [_thread_in_native, id=19344, stack(0x0000003a96400000,0x0000003a96500000)]
  0x000001a4f90e5990 JavaThread "Reference Handler" daemon [_thread_blocked, id=30308, stack(0x0000003a96b00000,0x0000003a96c00000)]
  0x000001a4f910aae0 JavaThread "Finalizer" daemon [_thread_blocked, id=3240, stack(0x0000003a96c00000,0x0000003a96d00000)]
  0x000001a4f90eb960 JavaThread "Signal Dispatcher" daemon [_thread_blocked, id=30244, stack(0x0000003a96d00000,0x0000003a96e00000)]
  0x000001a4f90ee520 JavaThread "Attach Listener" daemon [_thread_blocked, id=11484, stack(0x0000003a96e00000,0x0000003a96f00000)]
  0x000001a4f91287b0 JavaThread "Service Thread" daemon [_thread_blocked, id=28384, stack(0x0000003a96f00000,0x0000003a97000000)]
  0x000001a4f912b820 JavaThread "Monitor Deflation Thread" daemon [_thread_blocked, id=26216, stack(0x0000003a97000000,0x0000003a97100000)]
  0x000001a4f9133ac0 JavaThread "C2 CompilerThread0" daemon [_thread_blocked, id=30156, stack(0x0000003a97100000,0x0000003a97200000)]
  0x000001a4f9146d40 JavaThread "C1 CompilerThread0" daemon [_thread_blocked, id=24980, stack(0x0000003a97200000,0x0000003a97300000)]
  0x000001a4f9150340 JavaThread "Sweeper thread" daemon [_thread_blocked, id=21264, stack(0x0000003a97300000,0x0000003a97400000)]
  0x000001a4f92ad0a0 JavaThread "Notification Thread" daemon [_thread_blocked, id=3116, stack(0x0000003a97400000,0x0000003a97500000)]
  0x000001a4f92b33b0 JavaThread "Common-Cleaner" daemon [_thread_blocked, id=20624, stack(0x0000003a97600000,0x0000003a97700000)]

Other Threads:
  0x000001a4f90d7310 VMThread "VM Thread" [stack: 0x0000003a96a00000,0x0000003a96b00000] [id=31696]
  0x000001a4df2eb730 WatcherThread [stack: 0x0000003a97500000,0x0000003a97600000] [id=27332]
  0x000001a4df2d23a0 GCTaskThread "GC Thread#0" [stack: 0x0000003a96500000,0x0000003a96600000] [id=30268]
  0x000001a4df2e3340 ConcurrentGCThread "G1 Main Marker" [stack: 0x0000003a96600000,0x0000003a96700000] [id=13460]
  0x000001a4df2e3d50 ConcurrentGCThread "G1 Conc#0" [stack: 0x0000003a96700000,0x0000003a96800000] [id=8992]
  0x000001a4df32eb70 ConcurrentGCThread "G1 Refine#0" [stack: 0x0000003a96800000,0x0000003a96900000] [id=29560]
  0x000001a4f8f2e770 ConcurrentGCThread "G1 Service" [stack: 0x0000003a96900000,0x0000003a96a00000] [id=14244]

Threads with active compile tasks:

VM state: not at safepoint (normal execution)

VM Mutex/Monitor currently owned by a thread: None

Heap address: 0x0000000083a00000, size: 1990 MB, Compressed Oops mode: 32-bit

CDS archive(s) not mapped
Compressed class space mapped at: 0x0000000100000000-0x0000000140000000, reserved size: 1073741824
Narrow klass base: 0x0000000000000000, Narrow klass shift: 3, Narrow klass range: 0x140000000

GC Precious Log:
 CPUs: 8 total, 8 available
 Memory: 7959M
 Large Page Support: Disabled
 NUMA Support: Disabled
 Compressed Oops: Enabled (32-bit)
 Heap Region Size: 1M
 Heap Min Capacity: 8M
 Heap Initial Capacity: 126M
 Heap Max Capacity: 1990M
 Pre-touch: Disabled
 Parallel Workers: 8
 Concurrent Workers: 2
 Concurrent Refinement Workers: 8
 Periodic GC: Disabled

Heap:
 garbage-first heap   total 129024K, used 1024K [0x0000000083a00000, 0x0000000100000000)
  region size 1024K, 2 young (2048K), 0 survivors (0K)
 Metaspace       used 5226K, committed 5312K, reserved 1114112K
  class space    used 441K, committed 512K, reserved 1048576K

Heap Regions: E=young(eden), S=young(survivor), O=old, HS=humongous(starts), HC=humongous(continues), CS=collection set, F=free, OA=open archive, CA=closed archive, TAMS=top-at-mark-start (previous, next)
|   0|0x0000000083a00000, 0x0000000083a00000, 0x0000000083b00000|  0%| F|  |TAMS 0x0000000083a00000, 0x0000000083a00000| Untracked 
|   1|0x0000000083b00000, 0x0000000083b00000, 0x0000000083c00000|  0%| F|  |TAMS 0x0000000083b00000, 0x0000000083b00000| Untracked 
|   2|0x0000000083c00000, 0x0000000083c00000, 0x0000000083d00000|  0%| F|  |TAMS 0x0000000083c00000, 0x0000000083c00000| Untracked 
|   3|0x0000000083d00000, 0x0000000083d00000, 0x0000000083e00000|  0%| F|  |TAMS 0x0000000083d00000, 0x0000000083d00000| Untracked 
|   4|0x0000000083e00000, 0x0000000083e00000, 0x0000000083f00000|  0%| F|  |TAMS 0x0000000083e00000, 0x0000000083e00000| Untracked 
|   5|0x0000000083f00000, 0x0000000083f00000, 0x0000000084000000|  0%| F|  |TAMS 0x0000000083f00000, 0x0000000083f00000| Untracked 
|   6|0x0000000084000000, 0x0000000084000000, 0x0000000084100000|  0%| F|  |TAMS 0x0000000084000000, 0x0000000084000000| Untracked 
|   7|0x0000000084100000, 0x0000000084100000, 0x0000000084200000|  0%| F|  |TAMS 0x0000000084100000, 0x0000000084100000| Untracked 
|   8|0x0000000084200000, 0x0000000084200000, 0x0000000084300000|  0%| F|  |TAMS 0x0000000084200000, 0x0000000084200000| Untracked 
|   9|0x0000000084300000, 0x0000000084300000, 0x0000000084400000|  0%| F|  |TAMS 0x0000000084300000, 0x0000000084300000| Untracked 
|  10|0x0000000084400000, 0x0000000084400000, 0x0000000084500000|  0%| F|  |TAMS 0x0000000084400000, 0x0000000084400000| Untracked 
|  11|0x0000000084500000, 0x0000000084500000, 0x0000000084600000|  0%| F|  |TAMS 0x0000000084500000, 0x0000000084500000| Untracked 
|  12|0x0000000084600000, 0x0000000084600000, 0x0000000084700000|  0%| F|  |TAMS 0x0000000084600000, 0x0000000084600000| Untracked 
|  13|0x0000000084700000, 0x0000000084700000, 0x0000000084800000|  0%| F|  |TAMS 0x0000000084700000, 0x0000000084700000| Untracked 
|  14|0x0000000084800000, 0x0000000084800000, 0x0000000084900000|  0%| F|  |TAMS 0x0000000084800000, 0x0000000084800000| Untracked 
|  15|0x0000000084900000, 0x0000000084900000, 0x0000000084a00000|  0%| F|  |TAMS 0x0000000084900000, 0x0000000084900000| Untracked 
|  16|0x0000000084a00000, 0x0000000084a00000, 0x0000000084b00000|  0%| F|  |TAMS 0x0000000084a00000, 0x0000000084a00000| Untracked 
|  17|0x0000000084b00000, 0x0000000084b00000, 0x0000000084c00000|  0%| F|  |TAMS 0x0000000084b00000, 0x0000000084b00000| Untracked 
|  18|0x0000000084c00000, 0x0000000084c00000, 0x0000000084d00000|  0%| F|  |TAMS 0x0000000084c00000, 0x0000000084c00000| Untracked 
|  19|0x0000000084d00000, 0x0000000084d00000, 0x0000000084e00000|  0%| F|  |TAMS 0x0000000084d00000, 0x0000000084d00000| Untracked 
|  20|0x0000000084e00000, 0x0000000084e00000, 0x0000000084f00000|  0%| F|  |TAMS 0x0000000084e00000, 0x0000000084e00000| Untracked 
|  21|0x0000000084f00000, 0x0000000084f00000, 0x0000000085000000|  0%| F|  |TAMS 0x0000000084f00000, 0x0000000084f00000| Untracked 
|  22|0x0000000085000000, 0x0000000085000000, 0x0000000085100000|  0%| F|  |TAMS 0x0000000085000000, 0x0000000085000000| Untracked 
|  23|0x0000000085100000, 0x0000000085100000, 0x0000000085200000|  0%| F|  |TAMS 0x0000000085100000, 0x0000000085100000| Untracked 
|  24|0x0000000085200000, 0x0000000085200000, 0x0000000085300000|  0%| F|  |TAMS 0x0000000085200000, 0x0000000085200000| Untracked 
|  25|0x0000000085300000, 0x0000000085300000, 0x0000000085400000|  0%| F|  |TAMS 0x0000000085300000, 0x0000000085300000| Untracked 
|  26|0x0000000085400000, 0x0000000085400000, 0x0000000085500000|  0%| F|  |TAMS 0x0000000085400000, 0x0000000085400000| Untracked 
|  27|0x0000000085500000, 0x0000000085500000, 0x0000000085600000|  0%| F|  |TAMS 0x0000000085500000, 0x0000000085500000| Untracked 
|  28|0x0000000085600000, 0x0000000085600000, 0x0000000085700000|  0%| F|  |TAMS 0x0000000085600000, 0x0000000085600000| Untracked 
|  29|0x0000000085700000, 0x0000000085700000, 0x0000000085800000|  0%| F|  |TAMS 0x0000000085700000, 0x0000000085700000| Untracked 
|  30|0x0000000085800000, 0x0000000085800000, 0x0000000085900000|  0%| F|  |TAMS 0x0000000085800000, 0x0000000085800000| Untracked 
|  31|0x0000000085900000, 0x0000000085900000, 0x0000000085a00000|  0%| F|  |TAMS 0x0000000085900000, 0x0000000085900000| Untracked 
|  32|0x0000000085a00000, 0x0000000085a00000, 0x0000000085b00000|  0%| F|  |TAMS 0x0000000085a00000, 0x0000000085a00000| Untracked 
|  33|0x0000000085b00000, 0x0000000085b00000, 0x0000000085c00000|  0%| F|  |TAMS 0x0000000085b00000, 0x0000000085b00000| Untracked 
|  34|0x0000000085c00000, 0x0000000085c00000, 0x0000000085d00000|  0%| F|  |TAMS 0x0000000085c00000, 0x0000000085c00000| Untracked 
|  35|0x0000000085d00000, 0x0000000085d00000, 0x0000000085e00000|  0%| F|  |TAMS 0x0000000085d00000, 0x0000000085d00000| Untracked 
|  36|0x0000000085e00000, 0x0000000085e00000, 0x0000000085f00000|  0%| F|  |TAMS 0x0000000085e00000, 0x0000000085e00000| Untracked 
|  37|0x0000000085f00000, 0x0000000085f00000, 0x0000000086000000|  0%| F|  |TAMS 0x0000000085f00000, 0x0000000085f00000| Untracked 
|  38|0x0000000086000000, 0x0000000086000000, 0x0000000086100000|  0%| F|  |TAMS 0x0000000086000000, 0x0000000086000000| Untracked 
|  39|0x0000000086100000, 0x0000000086100000, 0x0000000086200000|  0%| F|  |TAMS 0x0000000086100000, 0x0000000086100000| Untracked 
|  40|0x0000000086200000, 0x0000000086200000, 0x0000000086300000|  0%| F|  |TAMS 0x0000000086200000, 0x0000000086200000| Untracked 
|  41|0x0000000086300000, 0x0000000086300000, 0x0000000086400000|  0%| F|  |TAMS 0x0000000086300000, 0x0000000086300000| Untracked 
|  42|0x0000000086400000, 0x0000000086400000, 0x0000000086500000|  0%| F|  |TAMS 0x0000000086400000, 0x0000000086400000| Untracked 
|  43|0x0000000086500000, 0x0000000086500000, 0x0000000086600000|  0%| F|  |TAMS 0x0000000086500000, 0x0000000086500000| Untracked 
|  44|0x0000000086600000, 0x0000000086600000, 0x0000000086700000|  0%| F|  |TAMS 0x0000000086600000, 0x0000000086600000| Untracked 
|  45|0x0000000086700000, 0x0000000086700000, 0x0000000086800000|  0%| F|  |TAMS 0x0000000086700000, 0x0000000086700000| Untracked 
|  46|0x0000000086800000, 0x0000000086800000, 0x0000000086900000|  0%| F|  |TAMS 0x0000000086800000, 0x0000000086800000| Untracked 
|  47|0x0000000086900000, 0x0000000086900000, 0x0000000086a00000|  0%| F|  |TAMS 0x0000000086900000, 0x0000000086900000| Untracked 
|  48|0x0000000086a00000, 0x0000000086a00000, 0x0000000086b00000|  0%| F|  |TAMS 0x0000000086a00000, 0x0000000086a00000| Untracked 
|  49|0x0000000086b00000, 0x0000000086b00000, 0x0000000086c00000|  0%| F|  |TAMS 0x0000000086b00000, 0x0000000086b00000| Untracked 
|  50|0x0000000086c00000, 0x0000000086c00000, 0x0000000086d00000|  0%| F|  |TAMS 0x0000000086c00000, 0x0000000086c00000| Untracked 
|  51|0x0000000086d00000, 0x0000000086d00000, 0x0000000086e00000|  0%| F|  |TAMS 0x0000000086d00000, 0x0000000086d00000| Untracked 
|  52|0x0000000086e00000, 0x0000000086e00000, 0x0000000086f00000|  0%| F|  |TAMS 0x0000000086e00000, 0x0000000086e00000| Untracked 
|  53|0x0000000086f00000, 0x0000000086f00000, 0x0000000087000000|  0%| F|  |TAMS 0x0000000086f00000, 0x0000000086f00000| Untracked 
|  54|0x0000000087000000, 0x0000000087000000, 0x0000000087100000|  0%| F|  |TAMS 0x0000000087000000, 0x0000000087000000| Untracked 
|  55|0x0000000087100000, 0x0000000087100000, 0x0000000087200000|  0%| F|  |TAMS 0x0000000087100000, 0x0000000087100000| Untracked 
|  56|0x0000000087200000, 0x0000000087200000, 0x0000000087300000|  0%| F|  |TAMS 0x0000000087200000, 0x0000000087200000| Untracked 
|  57|0x0000000087300000, 0x0000000087300000, 0x0000000087400000|  0%| F|  |TAMS 0x0000000087300000, 0x0000000087300000| Untracked 
|  58|0x0000000087400000, 0x0000000087400000, 0x0000000087500000|  0%| F|  |TAMS 0x0000000087400000, 0x0000000087400000| Untracked 
|  59|0x0000000087500000, 0x0000000087500000, 0x0000000087600000|  0%| F|  |TAMS 0x0000000087500000, 0x0000000087500000| Untracked 
|  60|0x0000000087600000, 0x0000000087600000, 0x0000000087700000|  0%| F|  |TAMS 0x0000000087600000, 0x0000000087600000| Untracked 
|  61|0x0000000087700000, 0x0000000087700000, 0x0000000087800000|  0%| F|  |TAMS 0x0000000087700000, 0x0000000087700000| Untracked 
|  62|0x0000000087800000, 0x0000000087800000, 0x0000000087900000|  0%| F|  |TAMS 0x0000000087800000, 0x0000000087800000| Untracked 
|  63|0x0000000087900000, 0x0000000087900000, 0x0000000087a00000|  0%| F|  |TAMS 0x0000000087900000, 0x0000000087900000| Untracked 
|  64|0x0000000087a00000, 0x0000000087a00000, 0x0000000087b00000|  0%| F|  |TAMS 0x0000000087a00000, 0x0000000087a00000| Untracked 
|  65|0x0000000087b00000, 0x0000000087b00000, 0x0000000087c00000|  0%| F|  |TAMS 0x0000000087b00000, 0x0000000087b00000| Untracked 
|  66|0x0000000087c00000, 0x0000000087c00000, 0x0000000087d00000|  0%| F|  |TAMS 0x0000000087c00000, 0x0000000087c00000| Untracked 
|  67|0x0000000087d00000, 0x0000000087d00000, 0x0000000087e00000|  0%| F|  |TAMS 0x0000000087d00000, 0x0000000087d00000| Untracked 
|  68|0x0000000087e00000, 0x0000000087e00000, 0x0000000087f00000|  0%| F|  |TAMS 0x0000000087e00000, 0x0000000087e00000| Untracked 
|  69|0x0000000087f00000, 0x0000000087f00000, 0x0000000088000000|  0%| F|  |TAMS 0x0000000087f00000, 0x0000000087f00000| Untracked 
|  70|0x0000000088000000, 0x0000000088000000, 0x0000000088100000|  0%| F|  |TAMS 0x0000000088000000, 0x0000000088000000| Untracked 
|  71|0x0000000088100000, 0x0000000088100000, 0x0000000088200000|  0%| F|  |TAMS 0x0000000088100000, 0x0000000088100000| Untracked 
|  72|0x0000000088200000, 0x0000000088200000, 0x0000000088300000|  0%| F|  |TAMS 0x0000000088200000, 0x0000000088200000| Untracked 
|  73|0x0000000088300000, 0x0000000088300000, 0x0000000088400000|  0%| F|  |TAMS 0x0000000088300000, 0x0000000088300000| Untracked 
|  74|0x0000000088400000, 0x0000000088400000, 0x0000000088500000|  0%| F|  |TAMS 0x0000000088400000, 0x0000000088400000| Untracked 
|  75|0x0000000088500000, 0x0000000088500000, 0x0000000088600000|  0%| F|  |TAMS 0x0000000088500000, 0x0000000088500000| Untracked 
|  76|0x0000000088600000, 0x0000000088600000, 0x0000000088700000|  0%| F|  |TAMS 0x0000000088600000, 0x0000000088600000| Untracked 
|  77|0x0000000088700000, 0x0000000088700000, 0x0000000088800000|  0%| F|  |TAMS 0x0000000088700000, 0x0000000088700000| Untracked 
|  78|0x0000000088800000, 0x0000000088800000, 0x0000000088900000|  0%| F|  |TAMS 0x0000000088800000, 0x0000000088800000| Untracked 
|  79|0x0000000088900000, 0x0000000088900000, 0x0000000088a00000|  0%| F|  |TAMS 0x0000000088900000, 0x0000000088900000| Untracked 
|  80|0x0000000088a00000, 0x0000000088a00000, 0x0000000088b00000|  0%| F|  |TAMS 0x0000000088a00000, 0x0000000088a00000| Untracked 
|  81|0x0000000088b00000, 0x0000000088b00000, 0x0000000088c00000|  0%| F|  |TAMS 0x0000000088b00000, 0x0000000088b00000| Untracked 
|  82|0x0000000088c00000, 0x0000000088c00000, 0x0000000088d00000|  0%| F|  |TAMS 0x0000000088c00000, 0x0000000088c00000| Untracked 
|  83|0x0000000088d00000, 0x0000000088d00000, 0x0000000088e00000|  0%| F|  |TAMS 0x0000000088d00000, 0x0000000088d00000| Untracked 
|  84|0x0000000088e00000, 0x0000000088e00000, 0x0000000088f00000|  0%| F|  |TAMS 0x0000000088e00000, 0x0000000088e00000| Untracked 
|  85|0x0000000088f00000, 0x0000000088f00000, 0x0000000089000000|  0%| F|  |TAMS 0x0000000088f00000, 0x0000000088f00000| Untracked 
|  86|0x0000000089000000, 0x0000000089000000, 0x0000000089100000|  0%| F|  |TAMS 0x0000000089000000, 0x0000000089000000| Untracked 
|  87|0x0000000089100000, 0x0000000089100000, 0x0000000089200000|  0%| F|  |TAMS 0x0000000089100000, 0x0000000089100000| Untracked 
|  88|0x0000000089200000, 0x0000000089200000, 0x0000000089300000|  0%| F|  |TAMS 0x0000000089200000, 0x0000000089200000| Untracked 
|  89|0x0000000089300000, 0x0000000089300000, 0x0000000089400000|  0%| F|  |TAMS 0x0000000089300000, 0x0000000089300000| Untracked 
|  90|0x0000000089400000, 0x0000000089400000, 0x0000000089500000|  0%| F|  |TAMS 0x0000000089400000, 0x0000000089400000| Untracked 
|  91|0x0000000089500000, 0x0000000089500000, 0x0000000089600000|  0%| F|  |TAMS 0x0000000089500000, 0x0000000089500000| Untracked 
|  92|0x0000000089600000, 0x0000000089600000, 0x0000000089700000|  0%| F|  |TAMS 0x0000000089600000, 0x0000000089600000| Untracked 
|  93|0x0000000089700000, 0x0000000089700000, 0x0000000089800000|  0%| F|  |TAMS 0x0000000089700000, 0x0000000089700000| Untracked 
|  94|0x0000000089800000, 0x0000000089800000, 0x0000000089900000|  0%| F|  |TAMS 0x0000000089800000, 0x0000000089800000| Untracked 
|  95|0x0000000089900000, 0x0000000089900000, 0x0000000089a00000|  0%| F|  |TAMS 0x0000000089900000, 0x0000000089900000| Untracked 
|  96|0x0000000089a00000, 0x0000000089a00000, 0x0000000089b00000|  0%| F|  |TAMS 0x0000000089a00000, 0x0000000089a00000| Untracked 
|  97|0x0000000089b00000, 0x0000000089b00000, 0x0000000089c00000|  0%| F|  |TAMS 0x0000000089b00000, 0x0000000089b00000| Untracked 
|  98|0x0000000089c00000, 0x0000000089c00000, 0x0000000089d00000|  0%| F|  |TAMS 0x0000000089c00000, 0x0000000089c00000| Untracked 
|  99|0x0000000089d00000, 0x0000000089d00000, 0x0000000089e00000|  0%| F|  |TAMS 0x0000000089d00000, 0x0000000089d00000| Untracked 
| 100|0x0000000089e00000, 0x0000000089e00000, 0x0000000089f00000|  0%| F|  |TAMS 0x0000000089e00000, 0x0000000089e00000| Untracked 
| 101|0x0000000089f00000, 0x0000000089f00000, 0x000000008a000000|  0%| F|  |TAMS 0x0000000089f00000, 0x0000000089f00000| Untracked 
| 102|0x000000008a000000, 0x000000008a000000, 0x000000008a100000|  0%| F|  |TAMS 0x000000008a000000, 0x000000008a000000| Untracked 
| 103|0x000000008a100000, 0x000000008a100000, 0x000000008a200000|  0%| F|  |TAMS 0x000000008a100000, 0x000000008a100000| Untracked 
| 104|0x000000008a200000, 0x000000008a200000, 0x000000008a300000|  0%| F|  |TAMS 0x000000008a200000, 0x000000008a200000| Untracked 
| 105|0x000000008a300000, 0x000000008a300000, 0x000000008a400000|  0%| F|  |TAMS 0x000000008a300000, 0x000000008a300000| Untracked 
| 106|0x000000008a400000, 0x000000008a400000, 0x000000008a500000|  0%| F|  |TAMS 0x000000008a400000, 0x000000008a400000| Untracked 
| 107|0x000000008a500000, 0x000000008a500000, 0x000000008a600000|  0%| F|  |TAMS 0x000000008a500000, 0x000000008a500000| Untracked 
| 108|0x000000008a600000, 0x000000008a600000, 0x000000008a700000|  0%| F|  |TAMS 0x000000008a600000, 0x000000008a600000| Untracked 
| 109|0x000000008a700000, 0x000000008a700000, 0x000000008a800000|  0%| F|  |TAMS 0x000000008a700000, 0x000000008a700000| Untracked 
| 110|0x000000008a800000, 0x000000008a800000, 0x000000008a900000|  0%| F|  |TAMS 0x000000008a800000, 0x000000008a800000| Untracked 
| 111|0x000000008a900000, 0x000000008a900000, 0x000000008aa00000|  0%| F|  |TAMS 0x000000008a900000, 0x000000008a900000| Untracked 
| 112|0x000000008aa00000, 0x000000008aa00000, 0x000000008ab00000|  0%| F|  |TAMS 0x000000008aa00000, 0x000000008aa00000| Untracked 
| 113|0x000000008ab00000, 0x000000008ab00000, 0x000000008ac00000|  0%| F|  |TAMS 0x000000008ab00000, 0x000000008ab00000| Untracked 
| 114|0x000000008ac00000, 0x000000008ac00000, 0x000000008ad00000|  0%| F|  |TAMS 0x000000008ac00000, 0x000000008ac00000| Untracked 
| 115|0x000000008ad00000, 0x000000008ad00000, 0x000000008ae00000|  0%| F|  |TAMS 0x000000008ad00000, 0x000000008ad00000| Untracked 
| 116|0x000000008ae00000, 0x000000008ae00000, 0x000000008af00000|  0%| F|  |TAMS 0x000000008ae00000, 0x000000008ae00000| Untracked 
| 117|0x000000008af00000, 0x000000008af00000, 0x000000008b000000|  0%| F|  |TAMS 0x000000008af00000, 0x000000008af00000| Untracked 
| 118|0x000000008b000000, 0x000000008b000000, 0x000000008b100000|  0%| F|  |TAMS 0x000000008b000000, 0x000000008b000000| Untracked 
| 119|0x000000008b100000, 0x000000008b100000, 0x000000008b200000|  0%| F|  |TAMS 0x000000008b100000, 0x000000008b100000| Untracked 
| 120|0x000000008b200000, 0x000000008b200000, 0x000000008b300000|  0%| F|  |TAMS 0x000000008b200000, 0x000000008b200000| Untracked 
| 121|0x000000008b300000, 0x000000008b300000, 0x000000008b400000|  0%| F|  |TAMS 0x000000008b300000, 0x000000008b300000| Untracked 
| 122|0x000000008b400000, 0x000000008b400000, 0x000000008b500000|  0%| F|  |TAMS 0x000000008b400000, 0x000000008b400000| Untracked 
| 123|0x000000008b500000, 0x000000008b500000, 0x000000008b600000|  0%| F|  |TAMS 0x000000008b500000, 0x000000008b500000| Untracked 
| 124|0x000000008b600000, 0x000000008b676460, 0x000000008b700000| 46%| E|  |TAMS 0x000000008b600000, 0x000000008b600000| Complete 
| 125|0x000000008b700000, 0x000000008b800000, 0x000000008b800000|100%| E|CS|TAMS 0x000000008b700000, 0x000000008b700000| Complete 

Card table byte_map: [0x000001a4f2040000,0x000001a4f2430000] _byte_map_base: 0x000001a4f1c23000

Marking Bits (Prev, Next): (CMBitMap*) 0x000001a4df2d29b0, (CMBitMap*) 0x000001a4df2d29f0
 Prev Bits: [0x000001a4f2820000, 0x000001a4f4738000)
 Next Bits: [0x000001a4f4740000, 0x000001a4f6658000)

Polling page: 0x000001a4dea30000

Metaspace:

Usage:
  Non-class:      4.67 MB used.
      Class:    441.63 KB used.
       Both:      5.10 MB used.

Virtual space:
  Non-class space:       64.00 MB reserved,       4.69 MB (  7%) committed,  1 nodes.
      Class space:        1.00 GB reserved,     512.00 KB ( <1%) committed,  1 nodes.
             Both:        1.06 GB reserved,       5.19 MB ( <1%) committed. 

Chunk freelists:
   Non-Class:  10.94 MB
       Class:  15.55 MB
        Both:  26.49 MB

MaxMetaspaceSize: unlimited
CompressedClassSpaceSize: 1.00 GB
Initial GC threshold: 21.00 MB
Current GC threshold: 21.00 MB
CDS: off
MetaspaceReclaimPolicy: balanced
 - commit_granule_bytes: 65536.
 - commit_granule_words: 8192.
 - virtual_space_node_default_size: 8388608.
 - enlarge_chunks_in_place: 1.
 - new_chunks_are_fully_committed: 0.
 - uncommit_free_chunks: 1.
 - use_allocation_guard: 0.
 - handle_deallocations: 1.


Internal statistics:

num_allocs_failed_limit: 0.
num_arena_births: 4.
num_arena_deaths: 0.
num_vsnodes_births: 2.
num_vsnodes_deaths: 0.
num_space_committed: 83.
num_space_uncommitted: 0.
num_chunks_returned_to_freelist: 0.
num_chunks_taken_from_freelist: 13.
num_chunk_merges: 0.
num_chunk_splits: 6.
num_chunks_enlarged: 6.
num_inconsistent_stats: 0.

CodeHeap 'non-profiled nmethods': size=120000Kb used=19Kb max_used=19Kb free=119980Kb
 bounds [0x000001a4ea3f0000, 0x000001a4ea660000, 0x000001a4f1920000]
CodeHeap 'profiled nmethods': size=120000Kb used=146Kb max_used=146Kb free=119853Kb
 bounds [0x000001a4e2920000, 0x000001a4e2b90000, 0x000001a4e9e50000]
CodeHeap 'non-nmethods': size=5760Kb used=1074Kb max_used=1085Kb free=4686Kb
 bounds [0x000001a4e9e50000, 0x000001a4ea0c0000, 0x000001a4ea3f0000]
 total_blobs=438 nmethods=113 adapters=238
 compilation: enabled
              stopped_count=0, restarted_count=0
 full_count=0

Compilation events (20 events):
Event: 0.310 Thread 0x000001a4f9146d40  104       1       java.util.zip.Inflater$InflaterZStreamRef::address (5 bytes)
Event: 0.311 Thread 0x000001a4f9146d40 nmethod 104 0x000001a4ea3f4c90 code [0x000001a4ea3f4e20, 0x000001a4ea3f4ef8]
Event: 0.343 Thread 0x000001a4f9146d40  105       3       java.lang.Math::max (11 bytes)
Event: 0.343 Thread 0x000001a4f9146d40 nmethod 105 0x000001a4e2940590 code [0x000001a4e2940720, 0x000001a4e2940858]
Event: 0.343 Thread 0x000001a4f9146d40  106       3       java.lang.StringBuilder::append (8 bytes)
Event: 0.343 Thread 0x000001a4f9146d40 nmethod 106 0x000001a4e2940910 code [0x000001a4e2940aa0, 0x000001a4e2940be8]
Event: 0.343 Thread 0x000001a4f9146d40  107       3       java.lang.AbstractStringBuilder::append (45 bytes)
Event: 0.344 Thread 0x000001a4f9146d40 nmethod 107 0x000001a4e2940c90 code [0x000001a4e2940e60, 0x000001a4e29411a8]
Event: 0.347 Thread 0x000001a4f9146d40  108       3       java.lang.String::checkBoundsBeginEnd (63 bytes)
Event: 0.348 Thread 0x000001a4f9146d40 nmethod 108 0x000001a4e2941310 code [0x000001a4e29415a0, 0x000001a4e2941e78]
Event: 0.348 Thread 0x000001a4f9146d40  109       3       java.lang.StringLatin1::indexOf (121 bytes)
Event: 0.348 Thread 0x000001a4f9146d40 nmethod 109 0x000001a4e2942210 code [0x000001a4e29423e0, 0x000001a4e29428d8]
Event: 0.348 Thread 0x000001a4f9146d40  110       3       java.lang.String::startsWith (7 bytes)
Event: 0.348 Thread 0x000001a4f9146d40 nmethod 110 0x000001a4e2942b10 code [0x000001a4e2942ca0, 0x000001a4e2942de8]
Event: 0.349 Thread 0x000001a4f9146d40  111       3       java.lang.String::substring (58 bytes)
Event: 0.350 Thread 0x000001a4f9146d40 nmethod 111 0x000001a4e2942e90 code [0x000001a4e2943080, 0x000001a4e2943528]
Event: 0.350 Thread 0x000001a4f9146d40  112       3       java.lang.CharacterData::of (136 bytes)
Event: 0.350 Thread 0x000001a4f9146d40 nmethod 112 0x000001a4e2943710 code [0x000001a4e2943940, 0x000001a4e29442d8]
Event: 0.350 Thread 0x000001a4f9146d40  113       3       java.lang.CharacterDataLatin1::toLowerCase (39 bytes)
Event: 0.350 Thread 0x000001a4f9146d40 nmethod 113 0x000001a4e2944510 code [0x000001a4e29446c0, 0x000001a4e2944918]

GC Heap History (0 events):
No events

Dll operation events (7 events):
Event: 0.010 Loaded shared library C:\Users\Hetal Atwal\sts-4.18.1.RELEASE\plugins\org.eclipse.justj.openjdk.hotspot.jre.full.win32.x86_64_17.0.7.v20230425-1502\jre\bin\java.dll
Event: 0.201 Loaded shared library C:\Users\Hetal Atwal\sts-4.18.1.RELEASE\plugins\org.eclipse.justj.openjdk.hotspot.jre.full.win32.x86_64_17.0.7.v20230425-1502\jre\bin\net.dll
Event: 0.204 Loaded shared library C:\Users\Hetal Atwal\sts-4.18.1.RELEASE\plugins\org.eclipse.justj.openjdk.hotspot.jre.full.win32.x86_64_17.0.7.v20230425-1502\jre\bin\nio.dll
Event: 0.212 Loaded shared library C:\Users\Hetal Atwal\sts-4.18.1.RELEASE\plugins\org.eclipse.justj.openjdk.hotspot.jre.full.win32.x86_64_17.0.7.v20230425-1502\jre\bin\zip.dll
Event: 0.294 Loaded shared library C:\Users\Hetal Atwal\sts-4.18.1.RELEASE\plugins\org.eclipse.justj.openjdk.hotspot.jre.full.win32.x86_64_17.0.7.v20230425-1502\jre\bin\verify.dll
Event: 0.300 Loaded shared library C:\Users\Hetal Atwal\sts-4.18.1.RELEASE\plugins\org.eclipse.justj.openjdk.hotspot.jre.full.win32.x86_64_17.0.7.v20230425-1502\jre\bin\jimage.dll
Event: 0.341 Loaded shared library C:\Users\Hetal Atwal\.jssc\windows\jSSC-2.8_x86_64.dll

Deoptimization events (4 events):
Event: 0.178 Thread 0x000001a4dd18e0d0 Uncommon trap: trap_request=0xffffff45 fr.pc=0x000001a4ea3f0ef4 relative=0x0000000000000074
Event: 0.178 Thread 0x000001a4dd18e0d0 Uncommon trap: reason=unstable_if action=reinterpret pc=0x000001a4ea3f0ef4 method=java.lang.String.isLatin1()Z @ 10 c2
Event: 0.178 Thread 0x000001a4dd18e0d0 DEOPT PACKING pc=0x000001a4ea3f0ef4 sp=0x0000003a964fee00
Event: 0.178 Thread 0x000001a4dd18e0d0 DEOPT UNPACKING pc=0x000001a4e9eaa1a3 sp=0x0000003a964fed40 mode 2

Classes unloaded (0 events):
No events

Classes redefined (0 events):
No events

Internal exceptions (0 events):
No events

VM Operations (2 events):
Event: 0.214 Executing VM operation: HandshakeAllThreads
Event: 0.214 Executing VM operation: HandshakeAllThreads done

Events (20 events):
Event: 0.345 loading class java/util/regex/Matcher
Event: 0.346 loading class java/util/regex/MatchResult
Event: 0.346 loading class java/util/regex/MatchResult done
Event: 0.346 loading class java/util/regex/Matcher done
Event: 0.346 loading class java/util/regex/IntHashSet
Event: 0.346 loading class java/util/regex/IntHashSet done
Event: 0.346 loading class java/util/TreeMap$Entry
Event: 0.346 loading class java/util/TreeMap$Entry done
Event: 0.346 loading class java/util/TreeMap$KeySet
Event: 0.346 loading class java/util/TreeMap$KeySet done
Event: 0.346 loading class java/util/TreeMap$KeyIterator
Event: 0.346 loading class java/util/TreeMap$PrivateEntryIterator
Event: 0.346 loading class java/util/TreeMap$PrivateEntryIterator done
Event: 0.346 loading class java/util/TreeMap$KeyIterator done
Event: 0.347 loading class java/lang/InterruptedException
Event: 0.347 loading class java/lang/InterruptedException done
Event: 0.351 loading class java/lang/NoSuchMethodException
Event: 0.351 loading class java/lang/NoSuchMethodException done
Event: 0.351 loading class java/lang/SecurityException
Event: 0.351 loading class java/lang/SecurityException done


Dynamic libraries:
0x00007ff7d8f60000 - 0x00007ff7d8f6e000 	C:\Users\Hetal Atwal\sts-4.18.1.RELEASE\plugins\org.eclipse.justj.openjdk.hotspot.jre.full.win32.x86_64_17.0.7.v20230425-1502\jre\bin\javaw.exe
0x00007fff6ad70000 - 0x00007fff6af87000 	C:\WINDOWS\SYSTEM32\ntdll.dll
0x00007fff6a0c0000 - 0x00007fff6a184000 	C:\WINDOWS\System32\KERNEL32.DLL
0x00007fff68500000 - 0x00007fff688a6000 	C:\WINDOWS\System32\KERNELBASE.dll
0x00007fff68250000 - 0x00007fff68361000 	C:\WINDOWS\System32\ucrtbase.dll
0x00007fff436c0000 - 0x00007fff436d7000 	C:\Users\Hetal Atwal\sts-4.18.1.RELEASE\plugins\org.eclipse.justj.openjdk.hotspot.jre.full.win32.x86_64_17.0.7.v20230425-1502\jre\bin\jli.dll
0x00007fff436a0000 - 0x00007fff436b9000 	C:\Users\Hetal Atwal\sts-4.18.1.RELEASE\plugins\org.eclipse.justj.openjdk.hotspot.jre.full.win32.x86_64_17.0.7.v20230425-1502\jre\bin\VCRUNTIME140.dll
0x00007fff697d0000 - 0x00007fff6997d000 	C:\WINDOWS\System32\USER32.dll
0x00007fff68a20000 - 0x00007fff68a46000 	C:\WINDOWS\System32\win32u.dll
0x00007fff47d30000 - 0x00007fff47fc3000 	C:\WINDOWS\WinSxS\amd64_microsoft.windows.common-controls_6595b64144ccf1df_6.0.22621.2361_none_2712ced57382f843\COMCTL32.dll
0x00007fff697a0000 - 0x00007fff697c9000 	C:\WINDOWS\System32\GDI32.dll
0x00007fff68bf0000 - 0x00007fff68c97000 	C:\WINDOWS\System32\msvcrt.dll
0x00007fff68370000 - 0x00007fff68488000 	C:\WINDOWS\System32\gdi32full.dll
0x00007fff680f0000 - 0x00007fff6818a000 	C:\WINDOWS\System32\msvcp_win.dll
0x00007fff6a2e0000 - 0x00007fff6a311000 	C:\WINDOWS\System32\IMM32.DLL
0x00007fff58980000 - 0x00007fff5898c000 	C:\Users\Hetal Atwal\sts-4.18.1.RELEASE\plugins\org.eclipse.justj.openjdk.hotspot.jre.full.win32.x86_64_17.0.7.v20230425-1502\jre\bin\vcruntime140_1.dll
0x00007fff43600000 - 0x00007fff43691000 	C:\Users\Hetal Atwal\sts-4.18.1.RELEASE\plugins\org.eclipse.justj.openjdk.hotspot.jre.full.win32.x86_64_17.0.7.v20230425-1502\jre\bin\msvcp140.dll
0x00007ffeb0cb0000 - 0x00007ffeb18f8000 	C:\Users\Hetal Atwal\sts-4.18.1.RELEASE\plugins\org.eclipse.justj.openjdk.hotspot.jre.full.win32.x86_64_17.0.7.v20230425-1502\jre\bin\server\jvm.dll
0x00007fff69450000 - 0x00007fff69500000 	C:\WINDOWS\System32\ADVAPI32.dll
0x00007fff695e0000 - 0x00007fff69686000 	C:\WINDOWS\System32\sechost.dll
0x00007fff69980000 - 0x00007fff69a97000 	C:\WINDOWS\System32\RPCRT4.dll
0x00007fff610d0000 - 0x00007fff61104000 	C:\WINDOWS\SYSTEM32\WINMM.dll
0x00007fff4bf40000 - 0x00007fff4bf49000 	C:\WINDOWS\SYSTEM32\WSOCK32.dll
0x00007fff5ef20000 - 0x00007fff5ef2a000 	C:\WINDOWS\SYSTEM32\VERSION.dll
0x00007fff6a380000 - 0x00007fff6a3f1000 	C:\WINDOWS\System32\ws2_32.DLL
0x00007fff67090000 - 0x00007fff670a8000 	C:\WINDOWS\SYSTEM32\kernel.appcore.dll
0x00007fff588c0000 - 0x00007fff588ca000 	C:\Users\Hetal Atwal\sts-4.18.1.RELEASE\plugins\org.eclipse.justj.openjdk.hotspot.jre.full.win32.x86_64_17.0.7.v20230425-1502\jre\bin\jimage.dll
0x00007fff659f0000 - 0x00007fff65c1e000 	C:\WINDOWS\SYSTEM32\DBGHELP.DLL
0x00007fff68e70000 - 0x00007fff691fa000 	C:\WINDOWS\System32\combase.dll
0x00007fff69500000 - 0x00007fff695d7000 	C:\WINDOWS\System32\OLEAUT32.dll
0x00007fff50150000 - 0x00007fff50182000 	C:\WINDOWS\SYSTEM32\dbgcore.DLL
0x00007fff68a50000 - 0x00007fff68aca000 	C:\WINDOWS\System32\bcryptPrimitives.dll
0x00007fff518f0000 - 0x00007fff51915000 	C:\Users\Hetal Atwal\sts-4.18.1.RELEASE\plugins\org.eclipse.justj.openjdk.hotspot.jre.full.win32.x86_64_17.0.7.v20230425-1502\jre\bin\java.dll
0x00007fff54320000 - 0x00007fff54338000 	C:\Users\Hetal Atwal\sts-4.18.1.RELEASE\plugins\org.eclipse.justj.openjdk.hotspot.jre.full.win32.x86_64_17.0.7.v20230425-1502\jre\bin\zip.dll
0x00007fff6a4d0000 - 0x00007fff6ad28000 	C:\WINDOWS\System32\SHELL32.dll
0x00007fff66000000 - 0x00007fff668f2000 	C:\WINDOWS\SYSTEM32\windows.storage.dll
0x00007fff65ec0000 - 0x00007fff65ffe000 	C:\WINDOWS\SYSTEM32\wintypes.dll
0x00007fff696a0000 - 0x00007fff69793000 	C:\WINDOWS\System32\SHCORE.dll
0x00007fff6a400000 - 0x00007fff6a45e000 	C:\WINDOWS\System32\shlwapi.dll
0x00007fff68020000 - 0x00007fff68046000 	C:\WINDOWS\SYSTEM32\profapi.dll
0x00007fff4fee0000 - 0x00007fff4fef9000 	C:\Users\Hetal Atwal\sts-4.18.1.RELEASE\plugins\org.eclipse.justj.openjdk.hotspot.jre.full.win32.x86_64_17.0.7.v20230425-1502\jre\bin\net.dll
0x00007fff603a0000 - 0x00007fff604d7000 	C:\WINDOWS\SYSTEM32\WINHTTP.dll
0x00007fff67570000 - 0x00007fff675d9000 	C:\WINDOWS\system32\mswsock.dll
0x00007fff4fec0000 - 0x00007fff4fed5000 	C:\Users\Hetal Atwal\sts-4.18.1.RELEASE\plugins\org.eclipse.justj.openjdk.hotspot.jre.full.win32.x86_64_17.0.7.v20230425-1502\jre\bin\nio.dll
0x00007fff588b0000 - 0x00007fff588c0000 	C:\Users\Hetal Atwal\sts-4.18.1.RELEASE\plugins\org.eclipse.justj.openjdk.hotspot.jre.full.win32.x86_64_17.0.7.v20230425-1502\jre\bin\verify.dll
0x0000000071100000 - 0x0000000071125000 	C:\Users\Hetal Atwal\.jssc\windows\jSSC-2.8_x86_64.dll

dbghelp: loaded successfully - version: 4.0.5 - missing functions: none
symbol engine: initialized successfully - sym options: 0x614 - pdb path: .;C:\Users\Hetal Atwal\sts-4.18.1.RELEASE\plugins\org.eclipse.justj.openjdk.hotspot.jre.full.win32.x86_64_17.0.7.v20230425-1502\jre\bin;C:\WINDOWS\SYSTEM32;C:\WINDOWS\WinSxS\amd64_microsoft.windows.common-controls_6595b64144ccf1df_6.0.22621.2361_none_2712ced57382f843;C:\Users\Hetal Atwal\sts-4.18.1.RELEASE\plugins\org.eclipse.justj.openjdk.hotspot.jre.full.win32.x86_64_17.0.7.v20230425-1502\jre\bin\server;C:\Users\Hetal Atwal\.jssc\windows

VM Arguments:
jvm_args: -Dfile.encoding=UTF-8 -XX:+ShowCodeDetailsInExceptionMessages 
java_command: com.example.demo.controller.SPArduino
java_class_path (initial): C:\Hetal\VIT\Sem-7\TARP\parking\park\target\classes;C:\Users\Hetal Atwal\Downloads\jar_files\jssc-2.8.0.jar;C:\Users\Hetal Atwal\.m2\repository\org\springframework\boot\spring-boot-starter-data-jpa\3.0.6\spring-boot-starter-data-jpa-3.0.6.jar;C:\Users\Hetal Atwal\.m2\repository\org\springframework\boot\spring-boot-starter-aop\3.0.6\spring-boot-starter-aop-3.0.6.jar;C:\Users\Hetal Atwal\.m2\repository\org\springframework\spring-aop\6.0.8\spring-aop-6.0.8.jar;C:\Users\Hetal Atwal\.m2\repository\org\aspectj\aspectjweaver\1.9.19\aspectjweaver-1.9.19.jar;C:\Users\Hetal Atwal\.m2\repository\org\springframework\boot\spring-boot-starter-jdbc\3.0.6\spring-boot-starter-jdbc-3.0.6.jar;C:\Users\Hetal Atwal\.m2\repository\com\zaxxer\HikariCP\5.0.1\HikariCP-5.0.1.jar;C:\Users\Hetal Atwal\.m2\repository\org\springframework\spring-jdbc\6.0.8\spring-jdbc-6.0.8.jar;C:\Users\Hetal Atwal\.m2\repository\org\hibernate\orm\hibernate-core\6.1.7.Final\hibernate-core-6.1.7.Final.jar;C:\Users\Hetal Atwal\.m2\repository\jakarta\persistence\jakarta.persistence-api\3.1.0\jakarta.persistence-api-3.1.0.jar;C:\Users\Hetal Atwal\.m2\repository\jakarta\transaction\jakarta.transaction-api\2.0.1\jakarta.transaction-api-2.0.1.jar;C:\Users\Hetal Atwal\.m2\repository\org\jboss\logging\jboss-logging\3.5.0.Final\jboss-logging-3.5.0.Final.jar;C:\Users\Hetal Atwal\.m2\repository\org\hibernate\common\hibernate-commons-annotations\6.0.6.Final\hibernate-commons-annotations-6.0.6.Final.jar;C:\Users\Hetal Atwal\.m2\repository\org\jboss\jandex\2.4.2.Final\jandex-2.4.2.Final.jar;C:\Users\Hetal Atwal\.m2\repository\com\fasterxml\classmate\1.5.1\classmate-1.5.1.jar;C:\Users\Hetal Atwal\.m2\repository\net\bytebuddy\byte-buddy\1.12.23\byte-buddy-1.12.23.jar;C:\Users\Hetal Atwal\.m2\repository\org\glassfish\jaxb\jaxb-runtime\4.0.2\jaxb-runtime-4.0.2.jar;C:\Users\Hetal Atwal\.m2\repository\org\glassfish\jaxb\jaxb-core\4.0.2\jaxb-core-4.0.2.jar;C:\Users\Hetal Atwal\.m2\repository\org\eclipse\an
Launcher Type: SUN_STANDARD

[Global flags]
     intx CICompilerCount                          = 4                                         {product} {ergonomic}
     uint ConcGCThreads                            = 2                                         {product} {ergonomic}
     uint G1ConcRefinementThreads                  = 8                                         {product} {ergonomic}
   size_t G1HeapRegionSize                         = 1048576                                   {product} {ergonomic}
    uintx GCDrainStackTargetSize                   = 64                                        {product} {ergonomic}
   size_t InitialHeapSize                          = 132120576                                 {product} {ergonomic}
   size_t MarkStackSize                            = 4194304                                   {product} {ergonomic}
   size_t MaxHeapSize                              = 2086666240                                {product} {ergonomic}
   size_t MaxNewSize                               = 1251999744                                {product} {ergonomic}
   size_t MinHeapDeltaBytes                        = 1048576                                   {product} {ergonomic}
   size_t MinHeapSize                              = 8388608                                   {product} {ergonomic}
    uintx NonNMethodCodeHeapSize                   = 5839372                                {pd product} {ergonomic}
    uintx NonProfiledCodeHeapSize                  = 122909434                              {pd product} {ergonomic}
    uintx ProfiledCodeHeapSize                     = 122909434                              {pd product} {ergonomic}
    uintx ReservedCodeCacheSize                    = 251658240                              {pd product} {ergonomic}
     bool SegmentedCodeCache                       = true                                      {product} {ergonomic}
     bool ShowCodeDetailsInExceptionMessages       = true                                   {manageable} {command line}
   size_t SoftMaxHeapSize                          = 2086666240                             {manageable} {ergonomic}
     bool UseCompressedClassPointers               = true                           {product lp64_product} {ergonomic}
     bool UseCompressedOops                        = true                           {product lp64_product} {ergonomic}
     bool UseG1GC                                  = true                                      {product} {ergonomic}
     bool UseLargePagesIndividualAllocation        = false                                  {pd product} {ergonomic}

Logging:
Log output configuration:
 #0: stdout all=warning uptime,level,tags
 #1: stderr all=off uptime,level,tags

Environment Variables:
PATH=C:/Users/Hetal Atwal/sts-4.18.1.RELEASE//plugins/org.eclipse.justj.openjdk.hotspot.jre.full.win32.x86_64_17.0.7.v20230425-1502/jre/bin/server;C:/Users/Hetal Atwal/sts-4.18.1.RELEASE//plugins/org.eclipse.justj.openjdk.hotspot.jre.full.win32.x86_64_17.0.7.v20230425-1502/jre/bin;C:\Program Files (x86)\VMware\VMware Player\bin\;C:\oraclexe\app\oracle\product\11.2.0\server\bin;C:\WINDOWS\system32;C:\WINDOWS;C:\WINDOWS\System32\Wbem;C:\WINDOWS\System32\WindowsPowerShell\v1.0\;C:\WINDOWS\System32\OpenSSH\;C:\Program Files\dotnet\;C:\Program Files\nodejs\;C:\Users\Hetal Atwal\Git\cmd;C:\Program Files\Microsoft SQL Server\150\Tools\Binn\;C:\Program Files\Microsoft SQL Server\Client SDK\ODBC\170\Tools\Binn\;C:\Users\Hetal Atwal\AppData\Local\Programs\Python\Python39;C:\Users\Hetal Atwal\AppData\Local\Microsoft\WindowsApps;C:\Program Files\mingw-w64\x86_64-8.1.0-posix-seh-rt_v6-rev0\mingw64\bin;C:\Users\Hetal Atwal\AppData\Local\Programs\Microsoft VS Code\bin;C:\Program Files\JetBrains\PyCharm Community Edition 2020.3.3\bin;;C:\Users\Hetal Atwal\AppData\Roaming\npm;C:\Users\Hetal Atwal\.dotnet\tools;;C:\Program Files\JetBrains\IntelliJ IDEA Community Edition 2023.1.1\bin;;C:\Users\Hetal Atwal\sts-4.18.1.RELEASE;
USERNAME=Hetal Atwal
OS=Windows_NT
PROCESSOR_IDENTIFIER=Intel64 Family 6 Model 126 Stepping 5, GenuineIntel
TMP=C:\Users\Hetal Atwal\AppData\Local\Temp
TEMP=C:\Users\Hetal Atwal\AppData\Local\Temp



---------------  S Y S T E M  ---------------

OS:
 Windows 11 , 64 bit Build 22621 (10.0.22621.2428)
OS uptime: 5 days 11:26 hours
Hyper-V role detected

CPU: total 8 (initial active 8) (4 cores per cpu, 2 threads per core) family 6 model 126 stepping 5 microcode 0xbc, cx8, cmov, fxsr, ht, mmx, 3dnowpref, sse, sse2, sse3, ssse3, sse4.1, sse4.2, popcnt, lzcnt, tsc, tscinvbit, avx, avx2, aes, erms, clmul, bmi1, bmi2, adx, avx512f, avx512dq, avx512cd, avx512bw, avx512vl, sha, fma, vzeroupper, avx512_vpopcntdq, avx512_vpclmulqdq, avx512_vaes, avx512_vnni, clflush, clflushopt, avx512_vbmi2, avx512_vbmi, hv

Memory: 4k page, system-wide physical 7959M (732M free)
TotalPageFile size 19465M (AvailPageFile size 5238M)
current process WorkingSet (physical memory assigned to process): 32M, peak: 32M
current process commit charge ("private bytes"): 202M, peak: 202M

vm_info: OpenJDK 64-Bit Server VM (17.0.7+7) for windows-amd64 JRE (17.0.7+7), built on Apr 18 2023 22:10:42 by "temurin" with MS VC++ 16.7 (VS2019)

END.
