#
# A fatal error has been detected by the Java Runtime Environment:
#
#  EXCEPTION_ACCESS_VIOLATION (0xc0000005) at pc=0x000000007110b5db, pid=5268, tid=8196
#
# JRE version: OpenJDK Runtime Environment Temurin-17.0.7+7 (17.0.7+7) (build 17.0.7+7)
# Java VM: OpenJDK 64-Bit Server VM Temurin-17.0.7+7 (17.0.7+7, mixed mode, tiered, compressed oops, compressed class ptrs, g1 gc, windows-amd64)
# Problematic frame:
# C  [jSSC-2.8_x86_64.dll+0xb5db]
#
# No core dump will be written. Minidumps are not enabled by default on client versions of Windows
#
# If you would like to submit a bug report, please visit:
#   https://github.com/adoptium/adoptium-support/issues
# The crash happened outside the Java Virtual Machine in native code.
# See problematic frame for where to report the bug.
#

---------------  S U M M A R Y ------------

Command Line: -Dfile.encoding=UTF-8 -XX:+ShowCodeDetailsInExceptionMessages com.example.demo.controller.SPArduino

Host: Intel(R) Core(TM) i5-1035G1 CPU @ 1.00GHz, 8 cores, 7G,  Windows 11 , 64 bit Build 22621 (10.0.22621.2428)
Time: Thu Nov  2 00:56:28 2023 India Standard Time elapsed time: 0.238293 seconds (0d 0h 0m 0s)

---------------  T H R E A D  ---------------

Current thread (0x0000014524067240):  JavaThread "main" [_thread_in_native, id=8196, stack(0x0000002995e00000,0x0000002995f00000)]

Stack: [0x0000002995e00000,0x0000002995f00000],  sp=0x0000002995eff4e0,  free space=1021k
Native frames: (J=compiled Java code, j=interpreted, Vv=VM code, C=native code)
C  [jSSC-2.8_x86_64.dll+0xb5db]

Java frames: (J=compiled Java code, j=interpreted, Vv=VM code)
j  jssc.SerialNativeInterface.openPort(Ljava/lang/String;Z)J+0
j  jssc.SerialPort.openPort()Z+65
j  com.example.demo.controller.SPArduino.connect(Ljava/lang/String;)V+10
j  com.example.demo.controller.SPArduino.main([Ljava/lang/String;)V+39
v  ~StubRoutines::call_stub

siginfo: EXCEPTION_ACCESS_VIOLATION (0xc0000005), reading address 0x0000000022061fd5


Register to memory mapping:

RIP=0x000000007110b5db jSSC-2.8_x86_64.dll
RAX=0x0000000022061fd5 is an unknown value
RBX=0x0000002995eff550 is pointing into the stack for thread: 0x0000014524067240
RCX=0x00007fff6ae0f5d4 ntdll.dll
RDX=0x0 is NULL
RSP=0x0000002995eff4e0 is pointing into the stack for thread: 0x0000014524067240
RBP=0x0000002995eff660 is pointing into the stack for thread: 0x0000014524067240
RSI=0x00000145240674e8 points into unknown readable memory: 0x00007ffeb17b17e0 | e0 17 7b b1 fe 7f 00 00
RDI=0x0000000000000414 is an unknown value
R8 =0x0000002995eff3d8 is pointing into the stack for thread: 0x0000014524067240
R9 =0x0000002995eff4d0 is pointing into the stack for thread: 0x0000014524067240
R10=0x0 is NULL
R11=0x0000000000000246 is an unknown value
R12=0x0000002995eff720 is pointing into the stack for thread: 0x0000014524067240
R13=0x00000145421cff90 points into unknown readable memory: 0x00726100354d4f43 | 43 4f 4d 35 00 61 72 00
R14=0x0000002995eff610 is pointing into the stack for thread: 0x0000014524067240
R15=0x0000014524067240 is a thread


Registers:
RAX=0x0000000022061fd5, RBX=0x0000002995eff550, RCX=0x00007fff6ae0f5d4, RDX=0x0000000000000000
RSP=0x0000002995eff4e0, RBP=0x0000002995eff660, RSI=0x00000145240674e8, RDI=0x0000000000000414
R8 =0x0000002995eff3d8, R9 =0x0000002995eff4d0, R10=0x0000000000000000, R11=0x0000000000000246
R12=0x0000002995eff720, R13=0x00000145421cff90, R14=0x0000002995eff610, R15=0x0000014524067240
RIP=0x000000007110b5db, EFLAGS=0x0000000000010206

Top of Stack: (sp=0x0000002995eff4e0)
0x0000002995eff4e0:   0000000000000000 0000000000000000
0x0000002995eff4f0:   000000007110b230 00007ffeb13218cf
0x0000002995eff500:   0000014524067240 0000000000000004
0x0000002995eff510:   00000145240674e8 0000000000000414
0x0000002995eff520:   0000002995eff660 0000000071112590
0x0000002995eff530:   00000145421cff80 0000014521f00000
0x0000002995eff540:   0000002995eff660 0000000000000000
0x0000002995eff550:   0000000000000000 0000000000000000
0x0000002995eff560:   0000000000000414 00007fff682637eb
0x0000002995eff570:   00000145421cff90 00000145240674e8
0x0000002995eff580:   0000000071113500 0000000071113be8
0x0000002995eff590:   0000002995eff5c0 0000000071112641
0x0000002995eff5a0:   0000002995eff530 0000000000000000
0x0000002995eff5b0:   0000000000000000 0000000000000000
0x0000002995eff5c0:   0000002995eff660 0000000071101595
0x0000002995eff5d0:   000000000000001c 0000002995eff620 

Instructions: (pc=0x000000007110b5db)
0x000000007110b4db:   48 85 c0 74 bf 44 8b 03 45 85 c0 0f 84 77 ff ff
0x000000007110b4eb:   ff eb 9f 66 90 e8 8b fe ff ff 48 89 05 0c 34 01
0x000000007110b4fb:   00 eb ad 66 90 e8 7b fe ff ff 48 89 05 fc 33 01
0x000000007110b50b:   00 eb 8b e8 8d fe ff ff c7 03 01 00 00 00 e9 6f
0x000000007110b51b:   ff ff ff 66 90 55 48 89 e5 56 53 48 83 ec 20 48
0x000000007110b52b:   8b 05 d7 33 01 00 48 8b 31 48 89 cb 48 85 c0 74
0x000000007110b53b:   56 44 8b 18 45 85 db 78 42 48 8b 05 bd 33 01 00
0x000000007110b54b:   48 85 c0 74 50 44 8b 10 45 85 d2 74 1d 48 89 f1
0x000000007110b55b:   e8 d0 fd ff ff 48 8b 13 48 8d 42 40 48 8b 48 08
0x000000007110b56b:   48 8b 6a 40 48 8b 60 10 ff e1 48 8b 05 9c 33 01
0x000000007110b57b:   00 48 85 c0 74 2d 48 89 30 eb da e8 b5 fe ff ff
0x000000007110b58b:   0f 1f 44 00 00 eb b2 e8 e9 fd ff ff 48 89 05 6a
0x000000007110b59b:   33 01 00 eb 9c e8 db fd ff ff 48 89 05 5c 33 01
0x000000007110b5ab:   00 eb a2 e8 3d fd ff ff 48 89 05 5e 33 01 00 eb
0x000000007110b5bb:   c5 0f 1f 40 00 55 57 56 53 48 83 ec 28 48 8b 05
0x000000007110b5cb:   39 33 01 00 48 89 cb 48 85 c0 0f 84 c5 00 00 00
0x000000007110b5db:   8b 38 85 ff 0f 88 ab 00 00 00 48 8b 05 1c 33 01
0x000000007110b5eb:   00 48 85 c0 0f 84 bc 00 00 00 8b 30 85 f6 74 57
0x000000007110b5fb:   48 8b 05 0e 33 01 00 48 85 c0 0f 84 e5 00 00 00
0x000000007110b60b:   8b 28 48 8b 35 10 5e 01 00 ff d6 89 c7 89 e9 ff
0x000000007110b61b:   15 f4 5e 01 00 89 f9 48 89 c5 ff 15 b9 5e 01 00
0x000000007110b62b:   48 8b 05 de 32 01 00 48 89 2b 48 85 c0 74 46 48
0x000000007110b63b:   89 da 8b 08 ff 15 d7 5e 01 00 85 c0 74 27 48 83
0x000000007110b64b:   c4 28 5b 5e 5f 5d c3 48 8b 05 bf 32 01 00 48 85
0x000000007110b65b:   c0 74 64 48 8b 10 48 89 13 48 89 18 48 83 c4 28
0x000000007110b66b:   5b 5e 5f 5d c3 48 89 f2 48 83 c4 28 5b 5e 5f 5d
0x000000007110b67b:   48 ff e2 66 90 e8 8b fc ff ff 48 89 05 84 32 01
0x000000007110b68b:   00 eb ac 66 90 e8 ab fd ff ff e9 4b ff ff ff 66
0x000000007110b69b:   0f 1f 44 00 00 e8 db fc ff ff 48 89 05 5c 32 01
0x000000007110b6ab:   00 e9 2a ff ff ff e8 ca fc ff ff 48 89 05 4b 32
0x000000007110b6bb:   01 00 e9 33 ff ff ff e8 29 fc ff ff 48 89 05 4a
0x000000007110b6cb:   32 01 00 48 8b 10 48 85 c0 48 89 13 75 8b e8 12 


Stack slot to memory mapping:
stack at sp + 0 slots: 0x0 is NULL
stack at sp + 1 slots: 0x0 is NULL
stack at sp + 2 slots: 0x000000007110b230 jSSC-2.8_x86_64.dll
stack at sp + 3 slots: 0x00007ffeb13218cf jvm.dll
stack at sp + 4 slots: 0x0000014524067240 is a thread
stack at sp + 5 slots: 0x0000000000000004 is an unknown value
stack at sp + 6 slots: 0x00000145240674e8 points into unknown readable memory: 0x00007ffeb17b17e0 | e0 17 7b b1 fe 7f 00 00
stack at sp + 7 slots: 0x0000000000000414 is an unknown value


---------------  P R O C E S S  ---------------

Threads class SMR info:
_java_thread_list=0x00000145421b2d50, length=12, elements={
0x0000014524067240, 0x000001453dec05c0, 0x000001453dec1170, 0x000001453dec6810,
0x000001453dec73c0, 0x000001454203f020, 0x00000145420478f0, 0x0000014542051f70,
0x0000014542052a10, 0x0000014542054410, 0x00000145421d14a0, 0x00000145421d0fd0
}

Java Threads: ( => current thread )
=>0x0000014524067240 JavaThread "main" [_thread_in_native, id=8196, stack(0x0000002995e00000,0x0000002995f00000)]
  0x000001453dec05c0 JavaThread "Reference Handler" daemon [_thread_blocked, id=31524, stack(0x0000002996500000,0x0000002996600000)]
  0x000001453dec1170 JavaThread "Finalizer" daemon [_thread_blocked, id=22676, stack(0x0000002996600000,0x0000002996700000)]
  0x000001453dec6810 JavaThread "Signal Dispatcher" daemon [_thread_blocked, id=29348, stack(0x0000002996700000,0x0000002996800000)]
  0x000001453dec73c0 JavaThread "Attach Listener" daemon [_thread_blocked, id=19936, stack(0x0000002996800000,0x0000002996900000)]
  0x000001454203f020 JavaThread "Service Thread" daemon [_thread_blocked, id=29536, stack(0x0000002996900000,0x0000002996a00000)]
  0x00000145420478f0 JavaThread "Monitor Deflation Thread" daemon [_thread_blocked, id=11256, stack(0x0000002996a00000,0x0000002996b00000)]
  0x0000014542051f70 JavaThread "C2 CompilerThread0" daemon [_thread_blocked, id=17680, stack(0x0000002996b00000,0x0000002996c00000)]
  0x0000014542052a10 JavaThread "C1 CompilerThread0" daemon [_thread_blocked, id=11776, stack(0x0000002996c00000,0x0000002996d00000)]
  0x0000014542054410 JavaThread "Sweeper thread" daemon [_thread_blocked, id=120, stack(0x0000002996d00000,0x0000002996e00000)]
  0x00000145421d14a0 JavaThread "Notification Thread" daemon [_thread_blocked, id=22348, stack(0x0000002996e00000,0x0000002996f00000)]
  0x00000145421d0fd0 JavaThread "Common-Cleaner" daemon [_thread_blocked, id=4412, stack(0x0000002997000000,0x0000002997100000)]

Other Threads:
  0x000001453debba00 VMThread "VM Thread" [stack: 0x0000002996400000,0x0000002996500000] [id=16652]
  0x00000145240db1c0 WatcherThread [stack: 0x0000002996f00000,0x0000002997000000] [id=25368]
  0x00000145240c3420 GCTaskThread "GC Thread#0" [stack: 0x0000002995f00000,0x0000002996000000] [id=13596]
  0x00000145240d3ac0 ConcurrentGCThread "G1 Main Marker" [stack: 0x0000002996000000,0x0000002996100000] [id=31512]
  0x00000145240d4370 ConcurrentGCThread "G1 Conc#0" [stack: 0x0000002996100000,0x0000002996200000] [id=11476]
  0x000001452411dd70 ConcurrentGCThread "G1 Refine#0" [stack: 0x0000002996200000,0x0000002996300000] [id=15264]
  0x000001452411e630 ConcurrentGCThread "G1 Service" [stack: 0x0000002996300000,0x0000002996400000] [id=29776]

Threads with active compile tasks:

VM state: not at safepoint (normal execution)

VM Mutex/Monitor currently owned by a thread: None

Heap address: 0x0000000083a00000, size: 1990 MB, Compressed Oops mode: 32-bit

CDS archive(s) not mapped
Compressed class space mapped at: 0x0000000100000000-0x0000000140000000, reserved size: 1073741824
Narrow klass base: 0x0000000000000000, Narrow klass shift: 3, Narrow klass range: 0x140000000

GC Precious Log:
 CPUs: 8 total, 8 available
 Memory: 7959M
 Large Page Support: Disabled
 NUMA Support: Disabled
 Compressed Oops: Enabled (32-bit)
 Heap Region Size: 1M
 Heap Min Capacity: 8M
 Heap Initial Capacity: 126M
 Heap Max Capacity: 1990M
 Pre-touch: Disabled
 Parallel Workers: 8
 Concurrent Workers: 2
 Concurrent Refinement Workers: 8
 Periodic GC: Disabled

Heap:
 garbage-first heap   total 129024K, used 1024K [0x0000000083a00000, 0x0000000100000000)
  region size 1024K, 2 young (2048K), 0 survivors (0K)
 Metaspace       used 4941K, committed 5056K, reserved 1114112K
  class space    used 417K, committed 512K, reserved 1048576K

Heap Regions: E=young(eden), S=young(survivor), O=old, HS=humongous(starts), HC=humongous(continues), CS=collection set, F=free, OA=open archive, CA=closed archive, TAMS=top-at-mark-start (previous, next)
|   0|0x0000000083a00000, 0x0000000083a00000, 0x0000000083b00000|  0%| F|  |TAMS 0x0000000083a00000, 0x0000000083a00000| Untracked 
|   1|0x0000000083b00000, 0x0000000083b00000, 0x0000000083c00000|  0%| F|  |TAMS 0x0000000083b00000, 0x0000000083b00000| Untracked 
|   2|0x0000000083c00000, 0x0000000083c00000, 0x0000000083d00000|  0%| F|  |TAMS 0x0000000083c00000, 0x0000000083c00000| Untracked 
|   3|0x0000000083d00000, 0x0000000083d00000, 0x0000000083e00000|  0%| F|  |TAMS 0x0000000083d00000, 0x0000000083d00000| Untracked 
|   4|0x0000000083e00000, 0x0000000083e00000, 0x0000000083f00000|  0%| F|  |TAMS 0x0000000083e00000, 0x0000000083e00000| Untracked 
|   5|0x0000000083f00000, 0x0000000083f00000, 0x0000000084000000|  0%| F|  |TAMS 0x0000000083f00000, 0x0000000083f00000| Untracked 
|   6|0x0000000084000000, 0x0000000084000000, 0x0000000084100000|  0%| F|  |TAMS 0x0000000084000000, 0x0000000084000000| Untracked 
|   7|0x0000000084100000, 0x0000000084100000, 0x0000000084200000|  0%| F|  |TAMS 0x0000000084100000, 0x0000000084100000| Untracked 
|   8|0x0000000084200000, 0x0000000084200000, 0x0000000084300000|  0%| F|  |TAMS 0x0000000084200000, 0x0000000084200000| Untracked 
|   9|0x0000000084300000, 0x0000000084300000, 0x0000000084400000|  0%| F|  |TAMS 0x0000000084300000, 0x0000000084300000| Untracked 
|  10|0x0000000084400000, 0x0000000084400000, 0x0000000084500000|  0%| F|  |TAMS 0x0000000084400000, 0x0000000084400000| Untracked 
|  11|0x0000000084500000, 0x0000000084500000, 0x0000000084600000|  0%| F|  |TAMS 0x0000000084500000, 0x0000000084500000| Untracked 
|  12|0x0000000084600000, 0x0000000084600000, 0x0000000084700000|  0%| F|  |TAMS 0x0000000084600000, 0x0000000084600000| Untracked 
|  13|0x0000000084700000, 0x0000000084700000, 0x0000000084800000|  0%| F|  |TAMS 0x0000000084700000, 0x0000000084700000| Untracked 
|  14|0x0000000084800000, 0x0000000084800000, 0x0000000084900000|  0%| F|  |TAMS 0x0000000084800000, 0x0000000084800000| Untracked 
|  15|0x0000000084900000, 0x0000000084900000, 0x0000000084a00000|  0%| F|  |TAMS 0x0000000084900000, 0x0000000084900000| Untracked 
|  16|0x0000000084a00000, 0x0000000084a00000, 0x0000000084b00000|  0%| F|  |TAMS 0x0000000084a00000, 0x0000000084a00000| Untracked 
|  17|0x0000000084b00000, 0x0000000084b00000, 0x0000000084c00000|  0%| F|  |TAMS 0x0000000084b00000, 0x0000000084b00000| Untracked 
|  18|0x0000000084c00000, 0x0000000084c00000, 0x0000000084d00000|  0%| F|  |TAMS 0x0000000084c00000, 0x0000000084c00000| Untracked 
|  19|0x0000000084d00000, 0x0000000084d00000, 0x0000000084e00000|  0%| F|  |TAMS 0x0000000084d00000, 0x0000000084d00000| Untracked 
|  20|0x0000000084e00000, 0x0000000084e00000, 0x0000000084f00000|  0%| F|  |TAMS 0x0000000084e00000, 0x0000000084e00000| Untracked 
|  21|0x0000000084f00000, 0x0000000084f00000, 0x0000000085000000|  0%| F|  |TAMS 0x0000000084f00000, 0x0000000084f00000| Untracked 
|  22|0x0000000085000000, 0x0000000085000000, 0x0000000085100000|  0%| F|  |TAMS 0x0000000085000000, 0x0000000085000000| Untracked 
|  23|0x0000000085100000, 0x0000000085100000, 0x0000000085200000|  0%| F|  |TAMS 0x0000000085100000, 0x0000000085100000| Untracked 
|  24|0x0000000085200000, 0x0000000085200000, 0x0000000085300000|  0%| F|  |TAMS 0x0000000085200000, 0x0000000085200000| Untracked 
|  25|0x0000000085300000, 0x0000000085300000, 0x0000000085400000|  0%| F|  |TAMS 0x0000000085300000, 0x0000000085300000| Untracked 
|  26|0x0000000085400000, 0x0000000085400000, 0x0000000085500000|  0%| F|  |TAMS 0x0000000085400000, 0x0000000085400000| Untracked 
|  27|0x0000000085500000, 0x0000000085500000, 0x0000000085600000|  0%| F|  |TAMS 0x0000000085500000, 0x0000000085500000| Untracked 
|  28|0x0000000085600000, 0x0000000085600000, 0x0000000085700000|  0%| F|  |TAMS 0x0000000085600000, 0x0000000085600000| Untracked 
|  29|0x0000000085700000, 0x0000000085700000, 0x0000000085800000|  0%| F|  |TAMS 0x0000000085700000, 0x0000000085700000| Untracked 
|  30|0x0000000085800000, 0x0000000085800000, 0x0000000085900000|  0%| F|  |TAMS 0x0000000085800000, 0x0000000085800000| Untracked 
|  31|0x0000000085900000, 0x0000000085900000, 0x0000000085a00000|  0%| F|  |TAMS 0x0000000085900000, 0x0000000085900000| Untracked 
|  32|0x0000000085a00000, 0x0000000085a00000, 0x0000000085b00000|  0%| F|  |TAMS 0x0000000085a00000, 0x0000000085a00000| Untracked 
|  33|0x0000000085b00000, 0x0000000085b00000, 0x0000000085c00000|  0%| F|  |TAMS 0x0000000085b00000, 0x0000000085b00000| Untracked 
|  34|0x0000000085c00000, 0x0000000085c00000, 0x0000000085d00000|  0%| F|  |TAMS 0x0000000085c00000, 0x0000000085c00000| Untracked 
|  35|0x0000000085d00000, 0x0000000085d00000, 0x0000000085e00000|  0%| F|  |TAMS 0x0000000085d00000, 0x0000000085d00000| Untracked 
|  36|0x0000000085e00000, 0x0000000085e00000, 0x0000000085f00000|  0%| F|  |TAMS 0x0000000085e00000, 0x0000000085e00000| Untracked 
|  37|0x0000000085f00000, 0x0000000085f00000, 0x0000000086000000|  0%| F|  |TAMS 0x0000000085f00000, 0x0000000085f00000| Untracked 
|  38|0x0000000086000000, 0x0000000086000000, 0x0000000086100000|  0%| F|  |TAMS 0x0000000086000000, 0x0000000086000000| Untracked 
|  39|0x0000000086100000, 0x0000000086100000, 0x0000000086200000|  0%| F|  |TAMS 0x0000000086100000, 0x0000000086100000| Untracked 
|  40|0x0000000086200000, 0x0000000086200000, 0x0000000086300000|  0%| F|  |TAMS 0x0000000086200000, 0x0000000086200000| Untracked 
|  41|0x0000000086300000, 0x0000000086300000, 0x0000000086400000|  0%| F|  |TAMS 0x0000000086300000, 0x0000000086300000| Untracked 
|  42|0x0000000086400000, 0x0000000086400000, 0x0000000086500000|  0%| F|  |TAMS 0x0000000086400000, 0x0000000086400000| Untracked 
|  43|0x0000000086500000, 0x0000000086500000, 0x0000000086600000|  0%| F|  |TAMS 0x0000000086500000, 0x0000000086500000| Untracked 
|  44|0x0000000086600000, 0x0000000086600000, 0x0000000086700000|  0%| F|  |TAMS 0x0000000086600000, 0x0000000086600000| Untracked 
|  45|0x0000000086700000, 0x0000000086700000, 0x0000000086800000|  0%| F|  |TAMS 0x0000000086700000, 0x0000000086700000| Untracked 
|  46|0x0000000086800000, 0x0000000086800000, 0x0000000086900000|  0%| F|  |TAMS 0x0000000086800000, 0x0000000086800000| Untracked 
|  47|0x0000000086900000, 0x0000000086900000, 0x0000000086a00000|  0%| F|  |TAMS 0x0000000086900000, 0x0000000086900000| Untracked 
|  48|0x0000000086a00000, 0x0000000086a00000, 0x0000000086b00000|  0%| F|  |TAMS 0x0000000086a00000, 0x0000000086a00000| Untracked 
|  49|0x0000000086b00000, 0x0000000086b00000, 0x0000000086c00000|  0%| F|  |TAMS 0x0000000086b00000, 0x0000000086b00000| Untracked 
|  50|0x0000000086c00000, 0x0000000086c00000, 0x0000000086d00000|  0%| F|  |TAMS 0x0000000086c00000, 0x0000000086c00000| Untracked 
|  51|0x0000000086d00000, 0x0000000086d00000, 0x0000000086e00000|  0%| F|  |TAMS 0x0000000086d00000, 0x0000000086d00000| Untracked 
|  52|0x0000000086e00000, 0x0000000086e00000, 0x0000000086f00000|  0%| F|  |TAMS 0x0000000086e00000, 0x0000000086e00000| Untracked 
|  53|0x0000000086f00000, 0x0000000086f00000, 0x0000000087000000|  0%| F|  |TAMS 0x0000000086f00000, 0x0000000086f00000| Untracked 
|  54|0x0000000087000000, 0x0000000087000000, 0x0000000087100000|  0%| F|  |TAMS 0x0000000087000000, 0x0000000087000000| Untracked 
|  55|0x0000000087100000, 0x0000000087100000, 0x0000000087200000|  0%| F|  |TAMS 0x0000000087100000, 0x0000000087100000| Untracked 
|  56|0x0000000087200000, 0x0000000087200000, 0x0000000087300000|  0%| F|  |TAMS 0x0000000087200000, 0x0000000087200000| Untracked 
|  57|0x0000000087300000, 0x0000000087300000, 0x0000000087400000|  0%| F|  |TAMS 0x0000000087300000, 0x0000000087300000| Untracked 
|  58|0x0000000087400000, 0x0000000087400000, 0x0000000087500000|  0%| F|  |TAMS 0x0000000087400000, 0x0000000087400000| Untracked 
|  59|0x0000000087500000, 0x0000000087500000, 0x0000000087600000|  0%| F|  |TAMS 0x0000000087500000, 0x0000000087500000| Untracked 
|  60|0x0000000087600000, 0x0000000087600000, 0x0000000087700000|  0%| F|  |TAMS 0x0000000087600000, 0x0000000087600000| Untracked 
|  61|0x0000000087700000, 0x0000000087700000, 0x0000000087800000|  0%| F|  |TAMS 0x0000000087700000, 0x0000000087700000| Untracked 
|  62|0x0000000087800000, 0x0000000087800000, 0x0000000087900000|  0%| F|  |TAMS 0x0000000087800000, 0x0000000087800000| Untracked 
|  63|0x0000000087900000, 0x0000000087900000, 0x0000000087a00000|  0%| F|  |TAMS 0x0000000087900000, 0x0000000087900000| Untracked 
|  64|0x0000000087a00000, 0x0000000087a00000, 0x0000000087b00000|  0%| F|  |TAMS 0x0000000087a00000, 0x0000000087a00000| Untracked 
|  65|0x0000000087b00000, 0x0000000087b00000, 0x0000000087c00000|  0%| F|  |TAMS 0x0000000087b00000, 0x0000000087b00000| Untracked 
|  66|0x0000000087c00000, 0x0000000087c00000, 0x0000000087d00000|  0%| F|  |TAMS 0x0000000087c00000, 0x0000000087c00000| Untracked 
|  67|0x0000000087d00000, 0x0000000087d00000, 0x0000000087e00000|  0%| F|  |TAMS 0x0000000087d00000, 0x0000000087d00000| Untracked 
|  68|0x0000000087e00000, 0x0000000087e00000, 0x0000000087f00000|  0%| F|  |TAMS 0x0000000087e00000, 0x0000000087e00000| Untracked 
|  69|0x0000000087f00000, 0x0000000087f00000, 0x0000000088000000|  0%| F|  |TAMS 0x0000000087f00000, 0x0000000087f00000| Untracked 
|  70|0x0000000088000000, 0x0000000088000000, 0x0000000088100000|  0%| F|  |TAMS 0x0000000088000000, 0x0000000088000000| Untracked 
|  71|0x0000000088100000, 0x0000000088100000, 0x0000000088200000|  0%| F|  |TAMS 0x0000000088100000, 0x0000000088100000| Untracked 
|  72|0x0000000088200000, 0x0000000088200000, 0x0000000088300000|  0%| F|  |TAMS 0x0000000088200000, 0x0000000088200000| Untracked 
|  73|0x0000000088300000, 0x0000000088300000, 0x0000000088400000|  0%| F|  |TAMS 0x0000000088300000, 0x0000000088300000| Untracked 
|  74|0x0000000088400000, 0x0000000088400000, 0x0000000088500000|  0%| F|  |TAMS 0x0000000088400000, 0x0000000088400000| Untracked 
|  75|0x0000000088500000, 0x0000000088500000, 0x0000000088600000|  0%| F|  |TAMS 0x0000000088500000, 0x0000000088500000| Untracked 
|  76|0x0000000088600000, 0x0000000088600000, 0x0000000088700000|  0%| F|  |TAMS 0x0000000088600000, 0x0000000088600000| Untracked 
|  77|0x0000000088700000, 0x0000000088700000, 0x0000000088800000|  0%| F|  |TAMS 0x0000000088700000, 0x0000000088700000| Untracked 
|  78|0x0000000088800000, 0x0000000088800000, 0x0000000088900000|  0%| F|  |TAMS 0x0000000088800000, 0x0000000088800000| Untracked 
|  79|0x0000000088900000, 0x0000000088900000, 0x0000000088a00000|  0%| F|  |TAMS 0x0000000088900000, 0x0000000088900000| Untracked 
|  80|0x0000000088a00000, 0x0000000088a00000, 0x0000000088b00000|  0%| F|  |TAMS 0x0000000088a00000, 0x0000000088a00000| Untracked 
|  81|0x0000000088b00000, 0x0000000088b00000, 0x0000000088c00000|  0%| F|  |TAMS 0x0000000088b00000, 0x0000000088b00000| Untracked 
|  82|0x0000000088c00000, 0x0000000088c00000, 0x0000000088d00000|  0%| F|  |TAMS 0x0000000088c00000, 0x0000000088c00000| Untracked 
|  83|0x0000000088d00000, 0x0000000088d00000, 0x0000000088e00000|  0%| F|  |TAMS 0x0000000088d00000, 0x0000000088d00000| Untracked 
|  84|0x0000000088e00000, 0x0000000088e00000, 0x0000000088f00000|  0%| F|  |TAMS 0x0000000088e00000, 0x0000000088e00000| Untracked 
|  85|0x0000000088f00000, 0x0000000088f00000, 0x0000000089000000|  0%| F|  |TAMS 0x0000000088f00000, 0x0000000088f00000| Untracked 
|  86|0x0000000089000000, 0x0000000089000000, 0x0000000089100000|  0%| F|  |TAMS 0x0000000089000000, 0x0000000089000000| Untracked 
|  87|0x0000000089100000, 0x0000000089100000, 0x0000000089200000|  0%| F|  |TAMS 0x0000000089100000, 0x0000000089100000| Untracked 
|  88|0x0000000089200000, 0x0000000089200000, 0x0000000089300000|  0%| F|  |TAMS 0x0000000089200000, 0x0000000089200000| Untracked 
|  89|0x0000000089300000, 0x0000000089300000, 0x0000000089400000|  0%| F|  |TAMS 0x0000000089300000, 0x0000000089300000| Untracked 
|  90|0x0000000089400000, 0x0000000089400000, 0x0000000089500000|  0%| F|  |TAMS 0x0000000089400000, 0x0000000089400000| Untracked 
|  91|0x0000000089500000, 0x0000000089500000, 0x0000000089600000|  0%| F|  |TAMS 0x0000000089500000, 0x0000000089500000| Untracked 
|  92|0x0000000089600000, 0x0000000089600000, 0x0000000089700000|  0%| F|  |TAMS 0x0000000089600000, 0x0000000089600000| Untracked 
|  93|0x0000000089700000, 0x0000000089700000, 0x0000000089800000|  0%| F|  |TAMS 0x0000000089700000, 0x0000000089700000| Untracked 
|  94|0x0000000089800000, 0x0000000089800000, 0x0000000089900000|  0%| F|  |TAMS 0x0000000089800000, 0x0000000089800000| Untracked 
|  95|0x0000000089900000, 0x0000000089900000, 0x0000000089a00000|  0%| F|  |TAMS 0x0000000089900000, 0x0000000089900000| Untracked 
|  96|0x0000000089a00000, 0x0000000089a00000, 0x0000000089b00000|  0%| F|  |TAMS 0x0000000089a00000, 0x0000000089a00000| Untracked 
|  97|0x0000000089b00000, 0x0000000089b00000, 0x0000000089c00000|  0%| F|  |TAMS 0x0000000089b00000, 0x0000000089b00000| Untracked 
|  98|0x0000000089c00000, 0x0000000089c00000, 0x0000000089d00000|  0%| F|  |TAMS 0x0000000089c00000, 0x0000000089c00000| Untracked 
|  99|0x0000000089d00000, 0x0000000089d00000, 0x0000000089e00000|  0%| F|  |TAMS 0x0000000089d00000, 0x0000000089d00000| Untracked 
| 100|0x0000000089e00000, 0x0000000089e00000, 0x0000000089f00000|  0%| F|  |TAMS 0x0000000089e00000, 0x0000000089e00000| Untracked 
| 101|0x0000000089f00000, 0x0000000089f00000, 0x000000008a000000|  0%| F|  |TAMS 0x0000000089f00000, 0x0000000089f00000| Untracked 
| 102|0x000000008a000000, 0x000000008a000000, 0x000000008a100000|  0%| F|  |TAMS 0x000000008a000000, 0x000000008a000000| Untracked 
| 103|0x000000008a100000, 0x000000008a100000, 0x000000008a200000|  0%| F|  |TAMS 0x000000008a100000, 0x000000008a100000| Untracked 
| 104|0x000000008a200000, 0x000000008a200000, 0x000000008a300000|  0%| F|  |TAMS 0x000000008a200000, 0x000000008a200000| Untracked 
| 105|0x000000008a300000, 0x000000008a300000, 0x000000008a400000|  0%| F|  |TAMS 0x000000008a300000, 0x000000008a300000| Untracked 
| 106|0x000000008a400000, 0x000000008a400000, 0x000000008a500000|  0%| F|  |TAMS 0x000000008a400000, 0x000000008a400000| Untracked 
| 107|0x000000008a500000, 0x000000008a500000, 0x000000008a600000|  0%| F|  |TAMS 0x000000008a500000, 0x000000008a500000| Untracked 
| 108|0x000000008a600000, 0x000000008a600000, 0x000000008a700000|  0%| F|  |TAMS 0x000000008a600000, 0x000000008a600000| Untracked 
| 109|0x000000008a700000, 0x000000008a700000, 0x000000008a800000|  0%| F|  |TAMS 0x000000008a700000, 0x000000008a700000| Untracked 
| 110|0x000000008a800000, 0x000000008a800000, 0x000000008a900000|  0%| F|  |TAMS 0x000000008a800000, 0x000000008a800000| Untracked 
| 111|0x000000008a900000, 0x000000008a900000, 0x000000008aa00000|  0%| F|  |TAMS 0x000000008a900000, 0x000000008a900000| Untracked 
| 112|0x000000008aa00000, 0x000000008aa00000, 0x000000008ab00000|  0%| F|  |TAMS 0x000000008aa00000, 0x000000008aa00000| Untracked 
| 113|0x000000008ab00000, 0x000000008ab00000, 0x000000008ac00000|  0%| F|  |TAMS 0x000000008ab00000, 0x000000008ab00000| Untracked 
| 114|0x000000008ac00000, 0x000000008ac00000, 0x000000008ad00000|  0%| F|  |TAMS 0x000000008ac00000, 0x000000008ac00000| Untracked 
| 115|0x000000008ad00000, 0x000000008ad00000, 0x000000008ae00000|  0%| F|  |TAMS 0x000000008ad00000, 0x000000008ad00000| Untracked 
| 116|0x000000008ae00000, 0x000000008ae00000, 0x000000008af00000|  0%| F|  |TAMS 0x000000008ae00000, 0x000000008ae00000| Untracked 
| 117|0x000000008af00000, 0x000000008af00000, 0x000000008b000000|  0%| F|  |TAMS 0x000000008af00000, 0x000000008af00000| Untracked 
| 118|0x000000008b000000, 0x000000008b000000, 0x000000008b100000|  0%| F|  |TAMS 0x000000008b000000, 0x000000008b000000| Untracked 
| 119|0x000000008b100000, 0x000000008b100000, 0x000000008b200000|  0%| F|  |TAMS 0x000000008b100000, 0x000000008b100000| Untracked 
| 120|0x000000008b200000, 0x000000008b200000, 0x000000008b300000|  0%| F|  |TAMS 0x000000008b200000, 0x000000008b200000| Untracked 
| 121|0x000000008b300000, 0x000000008b300000, 0x000000008b400000|  0%| F|  |TAMS 0x000000008b300000, 0x000000008b300000| Untracked 
| 122|0x000000008b400000, 0x000000008b400000, 0x000000008b500000|  0%| F|  |TAMS 0x000000008b400000, 0x000000008b400000| Untracked 
| 123|0x000000008b500000, 0x000000008b500000, 0x000000008b600000|  0%| F|  |TAMS 0x000000008b500000, 0x000000008b500000| Untracked 
| 124|0x000000008b600000, 0x000000008b676460, 0x000000008b700000| 46%| E|  |TAMS 0x000000008b600000, 0x000000008b600000| Complete 
| 125|0x000000008b700000, 0x000000008b800000, 0x000000008b800000|100%| E|CS|TAMS 0x000000008b700000, 0x000000008b700000| Complete 

Card table byte_map: [0x0000014536e30000,0x0000014537220000] _byte_map_base: 0x0000014536a13000

Marking Bits (Prev, Next): (CMBitMap*) 0x00000145240c38d0, (CMBitMap*) 0x00000145240c3910
 Prev Bits: [0x0000014537610000, 0x0000014539528000)
 Next Bits: [0x0000014539530000, 0x000001453b448000)

Polling page: 0x0000014523820000

Metaspace:

Usage:
  Non-class:      4.42 MB used.
      Class:    417.79 KB used.
       Both:      4.83 MB used.

Virtual space:
  Non-class space:       64.00 MB reserved,       4.44 MB (  7%) committed,  1 nodes.
      Class space:        1.00 GB reserved,     512.00 KB ( <1%) committed,  1 nodes.
             Both:        1.06 GB reserved,       4.94 MB ( <1%) committed. 

Chunk freelists:
   Non-Class:  10.94 MB
       Class:  15.55 MB
        Both:  26.49 MB

MaxMetaspaceSize: unlimited
CompressedClassSpaceSize: 1.00 GB
Initial GC threshold: 21.00 MB
Current GC threshold: 21.00 MB
CDS: off
MetaspaceReclaimPolicy: balanced
 - commit_granule_bytes: 65536.
 - commit_granule_words: 8192.
 - virtual_space_node_default_size: 8388608.
 - enlarge_chunks_in_place: 1.
 - new_chunks_are_fully_committed: 0.
 - uncommit_free_chunks: 1.
 - use_allocation_guard: 0.
 - handle_deallocations: 1.


Internal statistics:

num_allocs_failed_limit: 0.
num_arena_births: 4.
num_arena_deaths: 0.
num_vsnodes_births: 2.
num_vsnodes_deaths: 0.
num_space_committed: 79.
num_space_uncommitted: 0.
num_chunks_returned_to_freelist: 0.
num_chunks_taken_from_freelist: 13.
num_chunk_merges: 0.
num_chunk_splits: 6.
num_chunks_enlarged: 6.
num_inconsistent_stats: 0.

CodeHeap 'non-profiled nmethods': size=120000Kb used=16Kb max_used=16Kb free=119983Kb
 bounds [0x000001452f1e0000, 0x000001452f450000, 0x0000014536710000]
CodeHeap 'profiled nmethods': size=120000Kb used=124Kb max_used=124Kb free=119875Kb
 bounds [0x0000014527710000, 0x0000014527980000, 0x000001452ec40000]
CodeHeap 'non-nmethods': size=5760Kb used=1070Kb max_used=1070Kb free=4689Kb
 bounds [0x000001452ec40000, 0x000001452eeb0000, 0x000001452f1e0000]
 total_blobs=417 nmethods=96 adapters=234
 compilation: enabled
              stopped_count=0, restarted_count=0
 full_count=0

Compilation events (20 events):
Event: 0.217 Thread 0x0000014542052a10   87       3       java.lang.System::allowSecurityManager (13 bytes)
Event: 0.217 Thread 0x0000014542052a10 nmethod 87 0x000001452772b790 code [0x000001452772b920, 0x000001452772ba38]
Event: 0.219 Thread 0x0000014542052a10   88       3       java.lang.AbstractStringBuilder::putStringAt (34 bytes)
Event: 0.219 Thread 0x0000014542052a10 nmethod 88 0x000001452772ba90 code [0x000001452772bc60, 0x000001452772bf78]
Event: 0.219 Thread 0x0000014542052a10   89       3       java.lang.AbstractStringBuilder::getCoder (15 bytes)
Event: 0.219 Thread 0x0000014542052a10 nmethod 89 0x000001452772c110 code [0x000001452772c2a0, 0x000001452772c3d8]
Event: 0.219 Thread 0x0000014542052a10   90       3       java.lang.String::getBytes (46 bytes)
Event: 0.220 Thread 0x0000014542052a10 nmethod 90 0x000001452772c490 code [0x000001452772c660, 0x000001452772c978]
Event: 0.221 Thread 0x0000014542052a10   91       3       java.lang.AbstractStringBuilder::putStringAt (12 bytes)
Event: 0.221 Thread 0x0000014542052a10 nmethod 91 0x000001452772ca90 code [0x000001452772cc40, 0x000001452772ce88]
Event: 0.227 Thread 0x0000014542052a10   92       3       java.lang.StringLatin1::indexOf (121 bytes)
Event: 0.227 Thread 0x0000014542052a10 nmethod 92 0x000001452772d010 code [0x000001452772d1e0, 0x000001452772d6d8]
Event: 0.229 Thread 0x0000014542052a10   93       3       java.lang.String::startsWith (7 bytes)
Event: 0.229 Thread 0x0000014542052a10 nmethod 93 0x000001452772d910 code [0x000001452772daa0, 0x000001452772dbe8]
Event: 0.229 Thread 0x0000014542052a10   94       3       java.lang.String::checkBoundsBeginEnd (63 bytes)
Event: 0.230 Thread 0x0000014542052a10 nmethod 94 0x000001452772dc90 code [0x000001452772df20, 0x000001452772e7f8]
Event: 0.230 Thread 0x0000014542052a10   95       3       java.lang.Math::max (11 bytes)
Event: 0.230 Thread 0x0000014542052a10 nmethod 95 0x000001452772eb90 code [0x000001452772ed20, 0x000001452772ee58]
Event: 0.231 Thread 0x0000014542052a10   96       3       java.lang.CharacterDataLatin1::getProperties (11 bytes)
Event: 0.231 Thread 0x0000014542052a10 nmethod 96 0x000001452772ef10 code [0x000001452772f0a0, 0x000001452772f1d8]

GC Heap History (0 events):
No events

Dll operation events (6 events):
Event: 0.010 Loaded shared library C:\Users\Hetal Atwal\sts-4.18.1.RELEASE\plugins\org.eclipse.justj.openjdk.hotspot.jre.full.win32.x86_64_17.0.7.v20230425-1502\jre\bin\java.dll
Event: 0.201 Loaded shared library C:\Users\Hetal Atwal\sts-4.18.1.RELEASE\plugins\org.eclipse.justj.openjdk.hotspot.jre.full.win32.x86_64_17.0.7.v20230425-1502\jre\bin\net.dll
Event: 0.203 Loaded shared library C:\Users\Hetal Atwal\sts-4.18.1.RELEASE\plugins\org.eclipse.justj.openjdk.hotspot.jre.full.win32.x86_64_17.0.7.v20230425-1502\jre\bin\nio.dll
Event: 0.212 Loaded shared library C:\Users\Hetal Atwal\sts-4.18.1.RELEASE\plugins\org.eclipse.justj.openjdk.hotspot.jre.full.win32.x86_64_17.0.7.v20230425-1502\jre\bin\zip.dll
Event: 0.218 Loaded shared library C:\Users\Hetal Atwal\sts-4.18.1.RELEASE\plugins\org.eclipse.justj.openjdk.hotspot.jre.full.win32.x86_64_17.0.7.v20230425-1502\jre\bin\verify.dll
Event: 0.222 Loaded shared library C:\Users\Hetal Atwal\.jssc\windows\jSSC-2.8_x86_64.dll

Deoptimization events (4 events):
Event: 0.177 Thread 0x0000014524067240 Uncommon trap: trap_request=0xffffff45 fr.pc=0x000001452f1e12f4 relative=0x0000000000000074
Event: 0.177 Thread 0x0000014524067240 Uncommon trap: reason=unstable_if action=reinterpret pc=0x000001452f1e12f4 method=java.lang.String.isLatin1()Z @ 10 c2
Event: 0.177 Thread 0x0000014524067240 DEOPT PACKING pc=0x000001452f1e12f4 sp=0x0000002995eff2d0
Event: 0.177 Thread 0x0000014524067240 DEOPT UNPACKING pc=0x000001452ec9a1a3 sp=0x0000002995eff210 mode 2

Classes unloaded (0 events):
No events

Classes redefined (0 events):
No events

Internal exceptions (0 events):
No events

VM Operations (2 events):
Event: 0.213 Executing VM operation: HandshakeAllThreads
Event: 0.213 Executing VM operation: HandshakeAllThreads done

Events (20 events):
Event: 0.226 loading class java/util/regex/Matcher
Event: 0.226 loading class java/util/regex/MatchResult
Event: 0.226 loading class java/util/regex/MatchResult done
Event: 0.226 loading class java/util/regex/Matcher done
Event: 0.226 loading class java/util/regex/IntHashSet
Event: 0.226 loading class java/util/regex/IntHashSet done
Event: 0.226 loading class java/util/TreeMap$Entry
Event: 0.226 loading class java/util/TreeMap$Entry done
Event: 0.226 loading class java/util/TreeMap$KeySet
Event: 0.226 loading class java/util/TreeMap$KeySet done
Event: 0.226 loading class java/util/TreeMap$KeyIterator
Event: 0.227 loading class java/util/TreeMap$PrivateEntryIterator
Event: 0.227 loading class java/util/TreeMap$PrivateEntryIterator done
Event: 0.227 loading class java/util/TreeMap$KeyIterator done
Event: 0.229 loading class java/lang/InterruptedException
Event: 0.229 loading class java/lang/InterruptedException done
Event: 0.230 loading class java/lang/NoSuchMethodException
Event: 0.230 loading class java/lang/NoSuchMethodException done
Event: 0.230 loading class java/lang/SecurityException
Event: 0.230 loading class java/lang/SecurityException done


Dynamic libraries:
0x00007ff7d8f60000 - 0x00007ff7d8f6e000 	C:\Users\Hetal Atwal\sts-4.18.1.RELEASE\plugins\org.eclipse.justj.openjdk.hotspot.jre.full.win32.x86_64_17.0.7.v20230425-1502\jre\bin\javaw.exe
0x00007fff6ad70000 - 0x00007fff6af87000 	C:\WINDOWS\SYSTEM32\ntdll.dll
0x00007fff6a0c0000 - 0x00007fff6a184000 	C:\WINDOWS\System32\KERNEL32.DLL
0x00007fff68500000 - 0x00007fff688a6000 	C:\WINDOWS\System32\KERNELBASE.dll
0x00007fff68250000 - 0x00007fff68361000 	C:\WINDOWS\System32\ucrtbase.dll
0x00007fff436a0000 - 0x00007fff436b9000 	C:\Users\Hetal Atwal\sts-4.18.1.RELEASE\plugins\org.eclipse.justj.openjdk.hotspot.jre.full.win32.x86_64_17.0.7.v20230425-1502\jre\bin\VCRUNTIME140.dll
0x00007fff436c0000 - 0x00007fff436d7000 	C:\Users\Hetal Atwal\sts-4.18.1.RELEASE\plugins\org.eclipse.justj.openjdk.hotspot.jre.full.win32.x86_64_17.0.7.v20230425-1502\jre\bin\jli.dll
0x00007fff697d0000 - 0x00007fff6997d000 	C:\WINDOWS\System32\USER32.dll
0x00007fff68a20000 - 0x00007fff68a46000 	C:\WINDOWS\System32\win32u.dll
0x00007fff47d30000 - 0x00007fff47fc3000 	C:\WINDOWS\WinSxS\amd64_microsoft.windows.common-controls_6595b64144ccf1df_6.0.22621.2361_none_2712ced57382f843\COMCTL32.dll
0x00007fff697a0000 - 0x00007fff697c9000 	C:\WINDOWS\System32\GDI32.dll
0x00007fff68bf0000 - 0x00007fff68c97000 	C:\WINDOWS\System32\msvcrt.dll
0x00007fff68370000 - 0x00007fff68488000 	C:\WINDOWS\System32\gdi32full.dll
0x00007fff680f0000 - 0x00007fff6818a000 	C:\WINDOWS\System32\msvcp_win.dll
0x00007fff6a2e0000 - 0x00007fff6a311000 	C:\WINDOWS\System32\IMM32.DLL
0x00007fff58980000 - 0x00007fff5898c000 	C:\Users\Hetal Atwal\sts-4.18.1.RELEASE\plugins\org.eclipse.justj.openjdk.hotspot.jre.full.win32.x86_64_17.0.7.v20230425-1502\jre\bin\vcruntime140_1.dll
0x00007fff43600000 - 0x00007fff43691000 	C:\Users\Hetal Atwal\sts-4.18.1.RELEASE\plugins\org.eclipse.justj.openjdk.hotspot.jre.full.win32.x86_64_17.0.7.v20230425-1502\jre\bin\msvcp140.dll
0x00007ffeb0cb0000 - 0x00007ffeb18f8000 	C:\Users\Hetal Atwal\sts-4.18.1.RELEASE\plugins\org.eclipse.justj.openjdk.hotspot.jre.full.win32.x86_64_17.0.7.v20230425-1502\jre\bin\server\jvm.dll
0x00007fff69450000 - 0x00007fff69500000 	C:\WINDOWS\System32\ADVAPI32.dll
0x00007fff695e0000 - 0x00007fff69686000 	C:\WINDOWS\System32\sechost.dll
0x00007fff69980000 - 0x00007fff69a97000 	C:\WINDOWS\System32\RPCRT4.dll
0x00007fff610d0000 - 0x00007fff61104000 	C:\WINDOWS\SYSTEM32\WINMM.dll
0x00007fff4bf40000 - 0x00007fff4bf49000 	C:\WINDOWS\SYSTEM32\WSOCK32.dll
0x00007fff5ef20000 - 0x00007fff5ef2a000 	C:\WINDOWS\SYSTEM32\VERSION.dll
0x00007fff6a380000 - 0x00007fff6a3f1000 	C:\WINDOWS\System32\WS2_32.dll
0x00007fff67090000 - 0x00007fff670a8000 	C:\WINDOWS\SYSTEM32\kernel.appcore.dll
0x00007fff588c0000 - 0x00007fff588ca000 	C:\Users\Hetal Atwal\sts-4.18.1.RELEASE\plugins\org.eclipse.justj.openjdk.hotspot.jre.full.win32.x86_64_17.0.7.v20230425-1502\jre\bin\jimage.dll
0x00007fff659f0000 - 0x00007fff65c1e000 	C:\WINDOWS\SYSTEM32\DBGHELP.DLL
0x00007fff68e70000 - 0x00007fff691fa000 	C:\WINDOWS\System32\combase.dll
0x00007fff69500000 - 0x00007fff695d7000 	C:\WINDOWS\System32\OLEAUT32.dll
0x00007fff50150000 - 0x00007fff50182000 	C:\WINDOWS\SYSTEM32\dbgcore.DLL
0x00007fff68a50000 - 0x00007fff68aca000 	C:\WINDOWS\System32\bcryptPrimitives.dll
0x00007fff518f0000 - 0x00007fff51915000 	C:\Users\Hetal Atwal\sts-4.18.1.RELEASE\plugins\org.eclipse.justj.openjdk.hotspot.jre.full.win32.x86_64_17.0.7.v20230425-1502\jre\bin\java.dll
0x00007fff54320000 - 0x00007fff54338000 	C:\Users\Hetal Atwal\sts-4.18.1.RELEASE\plugins\org.eclipse.justj.openjdk.hotspot.jre.full.win32.x86_64_17.0.7.v20230425-1502\jre\bin\zip.dll
0x00007fff6a4d0000 - 0x00007fff6ad28000 	C:\WINDOWS\System32\SHELL32.dll
0x00007fff66000000 - 0x00007fff668f2000 	C:\WINDOWS\SYSTEM32\windows.storage.dll
0x00007fff65ec0000 - 0x00007fff65ffe000 	C:\WINDOWS\SYSTEM32\wintypes.dll
0x00007fff696a0000 - 0x00007fff69793000 	C:\WINDOWS\System32\SHCORE.dll
0x00007fff6a400000 - 0x00007fff6a45e000 	C:\WINDOWS\System32\shlwapi.dll
0x00007fff68020000 - 0x00007fff68046000 	C:\WINDOWS\SYSTEM32\profapi.dll
0x00007fff4fee0000 - 0x00007fff4fef9000 	C:\Users\Hetal Atwal\sts-4.18.1.RELEASE\plugins\org.eclipse.justj.openjdk.hotspot.jre.full.win32.x86_64_17.0.7.v20230425-1502\jre\bin\net.dll
0x00007fff603a0000 - 0x00007fff604d7000 	C:\WINDOWS\SYSTEM32\WINHTTP.dll
0x00007fff67570000 - 0x00007fff675d9000 	C:\WINDOWS\system32\mswsock.dll
0x00007fff4fec0000 - 0x00007fff4fed5000 	C:\Users\Hetal Atwal\sts-4.18.1.RELEASE\plugins\org.eclipse.justj.openjdk.hotspot.jre.full.win32.x86_64_17.0.7.v20230425-1502\jre\bin\nio.dll
0x00007fff588b0000 - 0x00007fff588c0000 	C:\Users\Hetal Atwal\sts-4.18.1.RELEASE\plugins\org.eclipse.justj.openjdk.hotspot.jre.full.win32.x86_64_17.0.7.v20230425-1502\jre\bin\verify.dll
0x0000000071100000 - 0x0000000071125000 	C:\Users\Hetal Atwal\.jssc\windows\jSSC-2.8_x86_64.dll

dbghelp: loaded successfully - version: 4.0.5 - missing functions: none
symbol engine: initialized successfully - sym options: 0x614 - pdb path: .;C:\Users\Hetal Atwal\sts-4.18.1.RELEASE\plugins\org.eclipse.justj.openjdk.hotspot.jre.full.win32.x86_64_17.0.7.v20230425-1502\jre\bin;C:\WINDOWS\SYSTEM32;C:\WINDOWS\WinSxS\amd64_microsoft.windows.common-controls_6595b64144ccf1df_6.0.22621.2361_none_2712ced57382f843;C:\Users\Hetal Atwal\sts-4.18.1.RELEASE\plugins\org.eclipse.justj.openjdk.hotspot.jre.full.win32.x86_64_17.0.7.v20230425-1502\jre\bin\server;C:\Users\Hetal Atwal\.jssc\windows

VM Arguments:
jvm_args: -Dfile.encoding=UTF-8 -XX:+ShowCodeDetailsInExceptionMessages 
java_command: com.example.demo.controller.SPArduino
java_class_path (initial): C:\Hetal\VIT\Sem-7\TARP\parking\park\target\classes;C:\Users\Hetal Atwal\Downloads\jar_files\jssc-2.8.0.jar;C:\Users\Hetal Atwal\.m2\repository\org\springframework\boot\spring-boot-starter-data-jpa\3.0.6\spring-boot-starter-data-jpa-3.0.6.jar;C:\Users\Hetal Atwal\.m2\repository\org\springframework\boot\spring-boot-starter-aop\3.0.6\spring-boot-starter-aop-3.0.6.jar;C:\Users\Hetal Atwal\.m2\repository\org\springframework\spring-aop\6.0.8\spring-aop-6.0.8.jar;C:\Users\Hetal Atwal\.m2\repository\org\aspectj\aspectjweaver\1.9.19\aspectjweaver-1.9.19.jar;C:\Users\Hetal Atwal\.m2\repository\org\springframework\boot\spring-boot-starter-jdbc\3.0.6\spring-boot-starter-jdbc-3.0.6.jar;C:\Users\Hetal Atwal\.m2\repository\com\zaxxer\HikariCP\5.0.1\HikariCP-5.0.1.jar;C:\Users\Hetal Atwal\.m2\repository\org\springframework\spring-jdbc\6.0.8\spring-jdbc-6.0.8.jar;C:\Users\Hetal Atwal\.m2\repository\org\hibernate\orm\hibernate-core\6.1.7.Final\hibernate-core-6.1.7.Final.jar;C:\Users\Hetal Atwal\.m2\repository\jakarta\persistence\jakarta.persistence-api\3.1.0\jakarta.persistence-api-3.1.0.jar;C:\Users\Hetal Atwal\.m2\repository\jakarta\transaction\jakarta.transaction-api\2.0.1\jakarta.transaction-api-2.0.1.jar;C:\Users\Hetal Atwal\.m2\repository\org\jboss\logging\jboss-logging\3.5.0.Final\jboss-logging-3.5.0.Final.jar;C:\Users\Hetal Atwal\.m2\repository\org\hibernate\common\hibernate-commons-annotations\6.0.6.Final\hibernate-commons-annotations-6.0.6.Final.jar;C:\Users\Hetal Atwal\.m2\repository\org\jboss\jandex\2.4.2.Final\jandex-2.4.2.Final.jar;C:\Users\Hetal Atwal\.m2\repository\com\fasterxml\classmate\1.5.1\classmate-1.5.1.jar;C:\Users\Hetal Atwal\.m2\repository\net\bytebuddy\byte-buddy\1.12.23\byte-buddy-1.12.23.jar;C:\Users\Hetal Atwal\.m2\repository\org\glassfish\jaxb\jaxb-runtime\4.0.2\jaxb-runtime-4.0.2.jar;C:\Users\Hetal Atwal\.m2\repository\org\glassfish\jaxb\jaxb-core\4.0.2\jaxb-core-4.0.2.jar;C:\Users\Hetal Atwal\.m2\repository\org\eclipse\an
Launcher Type: SUN_STANDARD

[Global flags]
     intx CICompilerCount                          = 4                                         {product} {ergonomic}
     uint ConcGCThreads                            = 2                                         {product} {ergonomic}
     uint G1ConcRefinementThreads                  = 8                                         {product} {ergonomic}
   size_t G1HeapRegionSize                         = 1048576                                   {product} {ergonomic}
    uintx GCDrainStackTargetSize                   = 64                                        {product} {ergonomic}
   size_t InitialHeapSize                          = 132120576                                 {product} {ergonomic}
   size_t MarkStackSize                            = 4194304                                   {product} {ergonomic}
   size_t MaxHeapSize                              = 2086666240                                {product} {ergonomic}
   size_t MaxNewSize                               = 1251999744                                {product} {ergonomic}
   size_t MinHeapDeltaBytes                        = 1048576                                   {product} {ergonomic}
   size_t MinHeapSize                              = 8388608                                   {product} {ergonomic}
    uintx NonNMethodCodeHeapSize                   = 5839372                                {pd product} {ergonomic}
    uintx NonProfiledCodeHeapSize                  = 122909434                              {pd product} {ergonomic}
    uintx ProfiledCodeHeapSize                     = 122909434                              {pd product} {ergonomic}
    uintx ReservedCodeCacheSize                    = 251658240                              {pd product} {ergonomic}
     bool SegmentedCodeCache                       = true                                      {product} {ergonomic}
     bool ShowCodeDetailsInExceptionMessages       = true                                   {manageable} {command line}
   size_t SoftMaxHeapSize                          = 2086666240                             {manageable} {ergonomic}
     bool UseCompressedClassPointers               = true                           {product lp64_product} {ergonomic}
     bool UseCompressedOops                        = true                           {product lp64_product} {ergonomic}
     bool UseG1GC                                  = true                                      {product} {ergonomic}
     bool UseLargePagesIndividualAllocation        = false                                  {pd product} {ergonomic}

Logging:
Log output configuration:
 #0: stdout all=warning uptime,level,tags
 #1: stderr all=off uptime,level,tags

Environment Variables:
PATH=C:/Users/Hetal Atwal/sts-4.18.1.RELEASE//plugins/org.eclipse.justj.openjdk.hotspot.jre.full.win32.x86_64_17.0.7.v20230425-1502/jre/bin/server;C:/Users/Hetal Atwal/sts-4.18.1.RELEASE//plugins/org.eclipse.justj.openjdk.hotspot.jre.full.win32.x86_64_17.0.7.v20230425-1502/jre/bin;C:\Program Files (x86)\VMware\VMware Player\bin\;C:\oraclexe\app\oracle\product\11.2.0\server\bin;C:\WINDOWS\system32;C:\WINDOWS;C:\WINDOWS\System32\Wbem;C:\WINDOWS\System32\WindowsPowerShell\v1.0\;C:\WINDOWS\System32\OpenSSH\;C:\Program Files\dotnet\;C:\Program Files\nodejs\;C:\Users\Hetal Atwal\Git\cmd;C:\Program Files\Microsoft SQL Server\150\Tools\Binn\;C:\Program Files\Microsoft SQL Server\Client SDK\ODBC\170\Tools\Binn\;C:\Users\Hetal Atwal\AppData\Local\Programs\Python\Python39;C:\Users\Hetal Atwal\AppData\Local\Microsoft\WindowsApps;C:\Program Files\mingw-w64\x86_64-8.1.0-posix-seh-rt_v6-rev0\mingw64\bin;C:\Users\Hetal Atwal\AppData\Local\Programs\Microsoft VS Code\bin;C:\Program Files\JetBrains\PyCharm Community Edition 2020.3.3\bin;;C:\Users\Hetal Atwal\AppData\Roaming\npm;C:\Users\Hetal Atwal\.dotnet\tools;;C:\Program Files\JetBrains\IntelliJ IDEA Community Edition 2023.1.1\bin;;C:\Users\Hetal Atwal\sts-4.18.1.RELEASE;
USERNAME=Hetal Atwal
OS=Windows_NT
PROCESSOR_IDENTIFIER=Intel64 Family 6 Model 126 Stepping 5, GenuineIntel
TMP=C:\Users\Hetal Atwal\AppData\Local\Temp
TEMP=C:\Users\Hetal Atwal\AppData\Local\Temp



---------------  S Y S T E M  ---------------

OS:
 Windows 11 , 64 bit Build 22621 (10.0.22621.2428)
OS uptime: 5 days 11:28 hours
Hyper-V role detected

CPU: total 8 (initial active 8) (4 cores per cpu, 2 threads per core) family 6 model 126 stepping 5 microcode 0xbc, cx8, cmov, fxsr, ht, mmx, 3dnowpref, sse, sse2, sse3, ssse3, sse4.1, sse4.2, popcnt, lzcnt, tsc, tscinvbit, avx, avx2, aes, erms, clmul, bmi1, bmi2, adx, avx512f, avx512dq, avx512cd, avx512bw, avx512vl, sha, fma, vzeroupper, avx512_vpopcntdq, avx512_vpclmulqdq, avx512_vaes, avx512_vnni, clflush, clflushopt, avx512_vbmi2, avx512_vbmi, hv

Memory: 4k page, system-wide physical 7959M (724M free)
TotalPageFile size 19465M (AvailPageFile size 5248M)
current process WorkingSet (physical memory assigned to process): 31M, peak: 31M
current process commit charge ("private bytes"): 201M, peak: 201M

vm_info: OpenJDK 64-Bit Server VM (17.0.7+7) for windows-amd64 JRE (17.0.7+7), built on Apr 18 2023 22:10:42 by "temurin" with MS VC++ 16.7 (VS2019)

END.
